09-05-2024 16:27:17.0561|INFO |The Class-Path manifest attribute in C:\Users\Ih3b\.m2\repository\org\glassfish\ha\ha-api\3.1.9\ha-api-3.1.9.jar referenced one or more files that do not exist: file:/C:/Users/Ih3b/.m2/repository/org/glassfish/ha/ha-api/3.1.9/hk2-core.jar,file:/C:/Users/Ih3b/.m2/repository/org/glassfish/ha/ha-api/3.1.9/class-model.jar,file:/C:/Users/Ih3b/.m2/repository/org/glassfish/ha/ha-api/3.1.9/config.jar,file:/C:/Users/Ih3b/.m2/repository/org/glassfish/ha/ha-api/3.1.9/auto-depends.jar,file:/C:/Users/Ih3b/.m2/repository/org/glassfish/ha/ha-api/3.1.9/javax.inject.jar,file:/C:/Users/Ih3b/.m2/repository/org/glassfish/ha/ha-api/3.1.9/asm-all-repackaged.jar,file:/C:/Users/Ih3b/.m2/repository/org/glassfish/ha/ha-api/3.1.9/hk2-api.jar,file:/C:/Users/Ih3b/.m2/repository/org/glassfish/ha/ha-api/3.1.9/osgi-resource-locator.jar,file:/C:/Users/Ih3b/.m2/repository/org/glassfish/ha/ha-api/3.1.9/tiger-types.jar,file:/C:/Users/Ih3b/.m2/repository/org/glassfish/ha/ha-api/3.1.9/bean-validator.jar,file:/C:/Users/Ih3b/.m2/repository/org/glassfish/ha/ha-api/3.1.9/jtype.jar
09-05-2024 16:27:17.0564|INFO |Devtools property defaults active! Set 'spring.devtools.add-properties' to 'false' to disable
09-05-2024 16:27:17.0564|INFO |For additional web related logging consider setting the 'logging.level.web' property to 'DEBUG'
09-05-2024 16:27:19.0137|INFO |Bootstrapping Spring Data JPA repositories in DEFAULT mode.
09-05-2024 16:27:19.0389|INFO |Finished Spring Data repository scanning in 242 ms. Found 14 JPA repository interfaces.
09-05-2024 16:27:19.0818|INFO |BeanFactory id=5ccaec49-1bf5-3a6d-a686-a54a50d1a609
09-05-2024 16:27:20.0684|INFO |Tomcat initialized with port(s): 8060 (http)
09-05-2024 16:27:20.0697|INFO |Starting service [Tomcat]
09-05-2024 16:27:20.0697|INFO |Starting Servlet engine: [Apache Tomcat/9.0.65]
09-05-2024 16:27:20.0870|INFO |Initializing Spring embedded WebApplicationContext
09-05-2024 16:27:20.0870|INFO |Root WebApplicationContext: initialization completed in 3305 ms
09-05-2024 16:27:21.0268|INFO |HHH000204: Processing PersistenceUnitInfo [name: default]
09-05-2024 16:27:21.0365|INFO |HHH000412: Hibernate ORM core version 5.6.11.Final
09-05-2024 16:27:21.0632|INFO |HCANN000001: Hibernate Commons Annotations {5.1.2.Final}
09-05-2024 16:27:21.0821|INFO |HHH000400: Using dialect: org.hibernate.dialect.PostgreSQLDialect
09-05-2024 16:27:22.0948|INFO |HikariPool-1 - Starting...
09-05-2024 16:27:24.0106|INFO |Stopping service [Tomcat]
09-05-2024 16:27:24.0126|INFO |

Error starting ApplicationContext. To display the conditions report re-run your application with 'debug' enabled.
09-05-2024 16:28:30.0723|INFO |The Class-Path manifest attribute in C:\Users\Ih3b\.m2\repository\org\glassfish\ha\ha-api\3.1.9\ha-api-3.1.9.jar referenced one or more files that do not exist: file:/C:/Users/Ih3b/.m2/repository/org/glassfish/ha/ha-api/3.1.9/hk2-core.jar,file:/C:/Users/Ih3b/.m2/repository/org/glassfish/ha/ha-api/3.1.9/class-model.jar,file:/C:/Users/Ih3b/.m2/repository/org/glassfish/ha/ha-api/3.1.9/config.jar,file:/C:/Users/Ih3b/.m2/repository/org/glassfish/ha/ha-api/3.1.9/auto-depends.jar,file:/C:/Users/Ih3b/.m2/repository/org/glassfish/ha/ha-api/3.1.9/javax.inject.jar,file:/C:/Users/Ih3b/.m2/repository/org/glassfish/ha/ha-api/3.1.9/asm-all-repackaged.jar,file:/C:/Users/Ih3b/.m2/repository/org/glassfish/ha/ha-api/3.1.9/hk2-api.jar,file:/C:/Users/Ih3b/.m2/repository/org/glassfish/ha/ha-api/3.1.9/osgi-resource-locator.jar,file:/C:/Users/Ih3b/.m2/repository/org/glassfish/ha/ha-api/3.1.9/tiger-types.jar,file:/C:/Users/Ih3b/.m2/repository/org/glassfish/ha/ha-api/3.1.9/bean-validator.jar,file:/C:/Users/Ih3b/.m2/repository/org/glassfish/ha/ha-api/3.1.9/jtype.jar
09-05-2024 16:28:30.0726|INFO |Devtools property defaults active! Set 'spring.devtools.add-properties' to 'false' to disable
09-05-2024 16:28:30.0726|INFO |For additional web related logging consider setting the 'logging.level.web' property to 'DEBUG'
09-05-2024 16:28:32.0196|INFO |Bootstrapping Spring Data JPA repositories in DEFAULT mode.
09-05-2024 16:28:32.0468|INFO |Finished Spring Data repository scanning in 262 ms. Found 14 JPA repository interfaces.
09-05-2024 16:28:32.0888|INFO |BeanFactory id=5ccaec49-1bf5-3a6d-a686-a54a50d1a609
09-05-2024 16:28:33.0752|INFO |Tomcat initialized with port(s): 8060 (http)
09-05-2024 16:28:33.0764|INFO |Starting service [Tomcat]
09-05-2024 16:28:33.0765|INFO |Starting Servlet engine: [Apache Tomcat/9.0.65]
09-05-2024 16:28:33.0937|INFO |Initializing Spring embedded WebApplicationContext
09-05-2024 16:28:33.0937|INFO |Root WebApplicationContext: initialization completed in 3210 ms
09-05-2024 16:28:34.0324|INFO |HHH000204: Processing PersistenceUnitInfo [name: default]
09-05-2024 16:28:34.0401|INFO |HHH000412: Hibernate ORM core version 5.6.11.Final
09-05-2024 16:28:34.0651|INFO |HCANN000001: Hibernate Commons Annotations {5.1.2.Final}
09-05-2024 16:28:34.0835|INFO |HHH000400: Using dialect: org.hibernate.dialect.PostgreSQLDialect
09-05-2024 16:28:35.0878|INFO |HikariPool-1 - Starting...
09-05-2024 16:28:36.0061|INFO |HikariPool-1 - Start completed.
09-05-2024 16:28:36.0305|INFO |HHH000490: Using JtaPlatform implementation: [org.hibernate.engine.transaction.jta.platform.internal.NoJtaPlatform]
09-05-2024 16:28:36.0323|INFO |Initialized JPA EntityManagerFactory for persistence unit 'default'
09-05-2024 16:28:38.0736|INFO |Eureka HTTP Client uses RestTemplate.
09-05-2024 16:28:38.0833|INFO |Exposing 1 endpoint(s) beneath base path '/actuator'
09-05-2024 16:28:38.0869|INFO |Setting initial instance status as: STARTING
09-05-2024 16:28:38.0920|INFO |Initializing Eureka in region us-east-1
09-05-2024 16:28:38.0928|INFO |Resolving eureka endpoints via configuration
09-05-2024 16:28:38.0957|INFO |Disable delta property : false
09-05-2024 16:28:38.0957|INFO |Single vip registry refresh property : null
09-05-2024 16:28:38.0957|INFO |Force full registry fetch : false
09-05-2024 16:28:38.0957|INFO |Application is null : false
09-05-2024 16:28:38.0957|INFO |Registered Applications size is zero : true
09-05-2024 16:28:38.0957|INFO |Application version is -1: true
09-05-2024 16:28:38.0957|INFO |Getting all instance registry info from the eureka server
09-05-2024 16:28:39.0352|INFO |The response status is 200
09-05-2024 16:28:39.0356|INFO |Starting heartbeat executor: renew interval is: 30
09-05-2024 16:28:39.0359|INFO |InstanceInfoReplicator onDemand update allowed rate per min is 4
09-05-2024 16:28:39.0365|INFO |Discovery Client initialized at timestamp 1715264919363 with initial instances count: 1
09-05-2024 16:28:39.0368|INFO |Registering application ADMINISTRATION-SERVICE with eureka with status UP
09-05-2024 16:28:39.0368|INFO |Saw local status change event StatusChangeEvent [timestamp=1715264919368, current=UP, previous=STARTING]
09-05-2024 16:28:39.0370|INFO |DiscoveryClient_ADMINISTRATION-SERVICE/DESKTOP-QC9TBH3.mshome.net:administration-service:8060: registering service...
09-05-2024 16:28:39.0395|INFO |Tomcat started on port(s): 8060 (http) with context path ''
09-05-2024 16:28:39.0396|INFO |Updating port to 8060
09-05-2024 16:28:39.0414|INFO |DiscoveryClient_ADMINISTRATION-SERVICE/DESKTOP-QC9TBH3.mshome.net:administration-service:8060 - registration status: 204
09-05-2024 16:28:39.0582|INFO |Starting Completed ...
09-05-2024 16:33:38.0967|INFO |Resolving eureka endpoints via configuration
09-05-2024 16:33:42.0232|INFO |Initializing Spring DispatcherServlet 'dispatcherServlet'
09-05-2024 16:33:42.0232|INFO |Initializing Servlet 'dispatcherServlet'
09-05-2024 16:33:42.0234|INFO |Completed initialization in 2 ms
09-05-2024 16:33:42.0835|INFO |Init duration for springdoc-openapi is: 552 ms
09-05-2024 16:34:18.0997|INFO |Init duration for springdoc-openapi is: 259 ms
09-05-2024 16:38:00.0270|INFO |Unregistering application ADMINISTRATION-SERVICE with eureka with status DOWN
09-05-2024 16:38:00.0270|INFO |Saw local status change event StatusChangeEvent [timestamp=1715265480270, current=DOWN, previous=UP]
09-05-2024 16:38:00.0270|INFO |DiscoveryClient_ADMINISTRATION-SERVICE/DESKTOP-QC9TBH3.mshome.net:administration-service:8060: registering service...
09-05-2024 16:38:00.0274|INFO |DiscoveryClient_ADMINISTRATION-SERVICE/DESKTOP-QC9TBH3.mshome.net:administration-service:8060 - registration status: 204
09-05-2024 16:38:00.0307|INFO |Closing JPA EntityManagerFactory for persistence unit 'default'
09-05-2024 16:38:00.0314|INFO |HikariPool-1 - Shutdown initiated...
09-05-2024 16:38:00.0320|INFO |HikariPool-1 - Shutdown completed.
09-05-2024 16:38:00.0321|INFO |Shutting down DiscoveryClient ...
09-05-2024 16:38:03.0326|INFO |Unregistering ...
09-05-2024 16:38:03.0332|INFO |Request execution error. endpoint=DefaultEndpoint{ serviceUrl='http://127.0.0.1:8761/eureka/} exception=I/O error on DELETE request for "http://127.0.0.1:8761/eureka/apps/ADMINISTRATION-SERVICE/DESKTOP-QC9TBH3.mshome.net:administration-service:8060": Connect to 127.0.0.1:8761 [/127.0.0.1] failed: Connection refused: connect; nested exception is org.apache.http.conn.HttpHostConnectException: Connect to 127.0.0.1:8761 [/127.0.0.1] failed: Connection refused: connect stacktrace=org.springframework.web.client.ResourceAccessException: I/O error on DELETE request for "http://127.0.0.1:8761/eureka/apps/ADMINISTRATION-SERVICE/DESKTOP-QC9TBH3.mshome.net:administration-service:8060": Connect to 127.0.0.1:8761 [/127.0.0.1] failed: Connection refused: connect; nested exception is org.apache.http.conn.HttpHostConnectException: Connect to 127.0.0.1:8761 [/127.0.0.1] failed: Connection refused: connect
	at org.springframework.web.client.RestTemplate.doExecute(RestTemplate.java:785)
	at org.springframework.web.client.RestTemplate.execute(RestTemplate.java:711)
	at org.springframework.web.client.RestTemplate.exchange(RestTemplate.java:602)
	at org.springframework.cloud.netflix.eureka.http.RestTemplateEurekaHttpClient.cancel(RestTemplateEurekaHttpClient.java:87)
	at com.netflix.discovery.shared.transport.decorator.EurekaHttpClientDecorator$2.execute(EurekaHttpClientDecorator.java:74)
	at com.netflix.discovery.shared.transport.decorator.RedirectingEurekaHttpClient.execute(RedirectingEurekaHttpClient.java:91)
	at com.netflix.discovery.shared.transport.decorator.EurekaHttpClientDecorator.cancel(EurekaHttpClientDecorator.java:71)
	at com.netflix.discovery.shared.transport.decorator.EurekaHttpClientDecorator$2.execute(EurekaHttpClientDecorator.java:74)
	at com.netflix.discovery.shared.transport.decorator.RetryableEurekaHttpClient.execute(RetryableEurekaHttpClient.java:120)
	at com.netflix.discovery.shared.transport.decorator.EurekaHttpClientDecorator.cancel(EurekaHttpClientDecorator.java:71)
	at com.netflix.discovery.shared.transport.decorator.EurekaHttpClientDecorator$2.execute(EurekaHttpClientDecorator.java:74)
	at com.netflix.discovery.shared.transport.decorator.SessionedEurekaHttpClient.execute(SessionedEurekaHttpClient.java:77)
	at com.netflix.discovery.shared.transport.decorator.EurekaHttpClientDecorator.cancel(EurekaHttpClientDecorator.java:71)
	at com.netflix.discovery.DiscoveryClient.unregister(DiscoveryClient.java:972)
	at com.netflix.discovery.DiscoveryClient.shutdown(DiscoveryClient.java:948)
	at java.base/jdk.internal.reflect.NativeMethodAccessorImpl.invoke0(Native Method)
	at java.base/jdk.internal.reflect.NativeMethodAccessorImpl.invoke(NativeMethodAccessorImpl.java:77)
	at java.base/jdk.internal.reflect.DelegatingMethodAccessorImpl.invoke(DelegatingMethodAccessorImpl.java:43)
	at java.base/java.lang.reflect.Method.invoke(Method.java:568)
	at org.springframework.beans.factory.annotation.InitDestroyAnnotationBeanPostProcessor$LifecycleElement.invoke(InitDestroyAnnotationBeanPostProcessor.java:389)
	at org.springframework.beans.factory.annotation.InitDestroyAnnotationBeanPostProcessor$LifecycleMetadata.invokeDestroyMethods(InitDestroyAnnotationBeanPostProcessor.java:347)
	at org.springframework.beans.factory.annotation.InitDestroyAnnotationBeanPostProcessor.postProcessBeforeDestruction(InitDestroyAnnotationBeanPostProcessor.java:177)
	at org.springframework.beans.factory.support.DisposableBeanAdapter.destroy(DisposableBeanAdapter.java:197)
	at org.springframework.beans.factory.support.DisposableBeanAdapter.run(DisposableBeanAdapter.java:190)
	at org.springframework.cloud.context.scope.GenericScope$BeanLifecycleWrapper.destroy(GenericScope.java:390)
	at org.springframework.cloud.context.scope.GenericScope.destroy(GenericScope.java:136)
	at org.springframework.beans.factory.support.DisposableBeanAdapter.destroy(DisposableBeanAdapter.java:213)
	at org.springframework.beans.factory.support.DefaultSingletonBeanRegistry.destroyBean(DefaultSingletonBeanRegistry.java:587)
	at org.springframework.beans.factory.support.DefaultSingletonBeanRegistry.destroySingleton(DefaultSingletonBeanRegistry.java:559)
	at org.springframework.beans.factory.support.DefaultListableBeanFactory.destroySingleton(DefaultListableBeanFactory.java:1163)
	at org.springframework.beans.factory.support.DefaultSingletonBeanRegistry.destroySingletons(DefaultSingletonBeanRegistry.java:520)
	at org.springframework.beans.factory.support.DefaultListableBeanFactory.destroySingletons(DefaultListableBeanFactory.java:1156)
	at org.springframework.context.support.AbstractApplicationContext.destroyBeans(AbstractApplicationContext.java:1106)
	at org.springframework.context.support.AbstractApplicationContext.doClose(AbstractApplicationContext.java:1075)
	at org.springframework.boot.web.servlet.context.ServletWebServerApplicationContext.doClose(ServletWebServerApplicationContext.java:174)
	at org.springframework.context.support.AbstractApplicationContext.close(AbstractApplicationContext.java:1021)
	at org.springframework.boot.SpringApplicationShutdownHook.closeAndWait(SpringApplicationShutdownHook.java:145)
	at java.base/java.lang.Iterable.forEach(Iterable.java:75)
	at org.springframework.boot.SpringApplicationShutdownHook.run(SpringApplicationShutdownHook.java:114)
	at java.base/java.lang.Thread.run(Thread.java:833)
Caused by: org.apache.http.conn.HttpHostConnectException: Connect to 127.0.0.1:8761 [/127.0.0.1] failed: Connection refused: connect
	at org.apache.http.impl.conn.DefaultHttpClientConnectionOperator.connect(DefaultHttpClientConnectionOperator.java:156)
	at org.apache.http.impl.conn.PoolingHttpClientConnectionManager.connect(PoolingHttpClientConnectionManager.java:376)
	at org.apache.http.impl.execchain.MainClientExec.establishRoute(MainClientExec.java:393)
	at org.apache.http.impl.execchain.MainClientExec.execute(MainClientExec.java:236)
	at org.apache.http.impl.execchain.ProtocolExec.execute(ProtocolExec.java:186)
	at org.apache.http.impl.execchain.RetryExec.execute(RetryExec.java:89)
	at org.apache.http.impl.execchain.RedirectExec.execute(RedirectExec.java:110)
	at org.apache.http.impl.client.InternalHttpClient.doExecute(InternalHttpClient.java:185)
	at org.apache.http.impl.client.CloseableHttpClient.execute(CloseableHttpClient.java:83)
	at org.apache.http.impl.client.CloseableHttpClient.execute(CloseableHttpClient.java:56)
	at org.springframework.http.client.HttpComponentsClientHttpRequest.executeInternal(HttpComponentsClientHttpRequest.java:87)
	at org.springframework.http.client.AbstractBufferingClientHttpRequest.executeInternal(AbstractBufferingClientHttpRequest.java:48)
	at org.springframework.http.client.AbstractClientHttpRequest.execute(AbstractClientHttpRequest.java:66)
	at org.springframework.web.client.RestTemplate.doExecute(RestTemplate.java:776)
	... 39 more
Caused by: java.net.ConnectException: Connection refused: connect
	at java.base/sun.nio.ch.Net.connect0(Native Method)
	at java.base/sun.nio.ch.Net.connect(Net.java:579)
	at java.base/sun.nio.ch.Net.connect(Net.java:568)
	at java.base/sun.nio.ch.NioSocketImpl.connect(NioSocketImpl.java:588)
	at java.base/java.net.SocksSocketImpl.connect(SocksSocketImpl.java:327)
	at java.base/java.net.Socket.connect(Socket.java:633)
	at org.apache.http.conn.socket.PlainConnectionSocketFactory.connectSocket(PlainConnectionSocketFactory.java:75)
	at org.apache.http.impl.conn.DefaultHttpClientConnectionOperator.connect(DefaultHttpClientConnectionOperator.java:142)
	... 52 more

09-05-2024 16:38:03.0338|INFO |Request execution error. endpoint=DefaultEndpoint{ serviceUrl='http://127.0.0.1:8761/eureka/}, exception=I/O error on DELETE request for "http://127.0.0.1:8761/eureka/apps/ADMINISTRATION-SERVICE/DESKTOP-QC9TBH3.mshome.net:administration-service:8060": Connect to 127.0.0.1:8761 [/127.0.0.1] failed: Connection refused: connect; nested exception is org.apache.http.conn.HttpHostConnectException: Connect to 127.0.0.1:8761 [/127.0.0.1] failed: Connection refused: connect stacktrace=org.springframework.web.client.ResourceAccessException: I/O error on DELETE request for "http://127.0.0.1:8761/eureka/apps/ADMINISTRATION-SERVICE/DESKTOP-QC9TBH3.mshome.net:administration-service:8060": Connect to 127.0.0.1:8761 [/127.0.0.1] failed: Connection refused: connect; nested exception is org.apache.http.conn.HttpHostConnectException: Connect to 127.0.0.1:8761 [/127.0.0.1] failed: Connection refused: connect
	at org.springframework.web.client.RestTemplate.doExecute(RestTemplate.java:785)
	at org.springframework.web.client.RestTemplate.execute(RestTemplate.java:711)
	at org.springframework.web.client.RestTemplate.exchange(RestTemplate.java:602)
	at org.springframework.cloud.netflix.eureka.http.RestTemplateEurekaHttpClient.cancel(RestTemplateEurekaHttpClient.java:87)
	at com.netflix.discovery.shared.transport.decorator.EurekaHttpClientDecorator$2.execute(EurekaHttpClientDecorator.java:74)
	at com.netflix.discovery.shared.transport.decorator.RedirectingEurekaHttpClient.executeOnNewServer(RedirectingEurekaHttpClient.java:121)
	at com.netflix.discovery.shared.transport.decorator.RedirectingEurekaHttpClient.execute(RedirectingEurekaHttpClient.java:80)
	at com.netflix.discovery.shared.transport.decorator.EurekaHttpClientDecorator.cancel(EurekaHttpClientDecorator.java:71)
	at com.netflix.discovery.shared.transport.decorator.EurekaHttpClientDecorator$2.execute(EurekaHttpClientDecorator.java:74)
	at com.netflix.discovery.shared.transport.decorator.RetryableEurekaHttpClient.execute(RetryableEurekaHttpClient.java:120)
	at com.netflix.discovery.shared.transport.decorator.EurekaHttpClientDecorator.cancel(EurekaHttpClientDecorator.java:71)
	at com.netflix.discovery.shared.transport.decorator.EurekaHttpClientDecorator$2.execute(EurekaHttpClientDecorator.java:74)
	at com.netflix.discovery.shared.transport.decorator.SessionedEurekaHttpClient.execute(SessionedEurekaHttpClient.java:77)
	at com.netflix.discovery.shared.transport.decorator.EurekaHttpClientDecorator.cancel(EurekaHttpClientDecorator.java:71)
	at com.netflix.discovery.DiscoveryClient.unregister(DiscoveryClient.java:972)
	at com.netflix.discovery.DiscoveryClient.shutdown(DiscoveryClient.java:948)
	at java.base/jdk.internal.reflect.NativeMethodAccessorImpl.invoke0(Native Method)
	at java.base/jdk.internal.reflect.NativeMethodAccessorImpl.invoke(NativeMethodAccessorImpl.java:77)
	at java.base/jdk.internal.reflect.DelegatingMethodAccessorImpl.invoke(DelegatingMethodAccessorImpl.java:43)
	at java.base/java.lang.reflect.Method.invoke(Method.java:568)
	at org.springframework.beans.factory.annotation.InitDestroyAnnotationBeanPostProcessor$LifecycleElement.invoke(InitDestroyAnnotationBeanPostProcessor.java:389)
	at org.springframework.beans.factory.annotation.InitDestroyAnnotationBeanPostProcessor$LifecycleMetadata.invokeDestroyMethods(InitDestroyAnnotationBeanPostProcessor.java:347)
	at org.springframework.beans.factory.annotation.InitDestroyAnnotationBeanPostProcessor.postProcessBeforeDestruction(InitDestroyAnnotationBeanPostProcessor.java:177)
	at org.springframework.beans.factory.support.DisposableBeanAdapter.destroy(DisposableBeanAdapter.java:197)
	at org.springframework.beans.factory.support.DisposableBeanAdapter.run(DisposableBeanAdapter.java:190)
	at org.springframework.cloud.context.scope.GenericScope$BeanLifecycleWrapper.destroy(GenericScope.java:390)
	at org.springframework.cloud.context.scope.GenericScope.destroy(GenericScope.java:136)
	at org.springframework.beans.factory.support.DisposableBeanAdapter.destroy(DisposableBeanAdapter.java:213)
	at org.springframework.beans.factory.support.DefaultSingletonBeanRegistry.destroyBean(DefaultSingletonBeanRegistry.java:587)
	at org.springframework.beans.factory.support.DefaultSingletonBeanRegistry.destroySingleton(DefaultSingletonBeanRegistry.java:559)
	at org.springframework.beans.factory.support.DefaultListableBeanFactory.destroySingleton(DefaultListableBeanFactory.java:1163)
	at org.springframework.beans.factory.support.DefaultSingletonBeanRegistry.destroySingletons(DefaultSingletonBeanRegistry.java:520)
	at org.springframework.beans.factory.support.DefaultListableBeanFactory.destroySingletons(DefaultListableBeanFactory.java:1156)
	at org.springframework.context.support.AbstractApplicationContext.destroyBeans(AbstractApplicationContext.java:1106)
	at org.springframework.context.support.AbstractApplicationContext.doClose(AbstractApplicationContext.java:1075)
	at org.springframework.boot.web.servlet.context.ServletWebServerApplicationContext.doClose(ServletWebServerApplicationContext.java:174)
	at org.springframework.context.support.AbstractApplicationContext.close(AbstractApplicationContext.java:1021)
	at org.springframework.boot.SpringApplicationShutdownHook.closeAndWait(SpringApplicationShutdownHook.java:145)
	at java.base/java.lang.Iterable.forEach(Iterable.java:75)
	at org.springframework.boot.SpringApplicationShutdownHook.run(SpringApplicationShutdownHook.java:114)
	at java.base/java.lang.Thread.run(Thread.java:833)
Caused by: org.apache.http.conn.HttpHostConnectException: Connect to 127.0.0.1:8761 [/127.0.0.1] failed: Connection refused: connect
	at org.apache.http.impl.conn.DefaultHttpClientConnectionOperator.connect(DefaultHttpClientConnectionOperator.java:156)
	at org.apache.http.impl.conn.PoolingHttpClientConnectionManager.connect(PoolingHttpClientConnectionManager.java:376)
	at org.apache.http.impl.execchain.MainClientExec.establishRoute(MainClientExec.java:393)
	at org.apache.http.impl.execchain.MainClientExec.execute(MainClientExec.java:236)
	at org.apache.http.impl.execchain.ProtocolExec.execute(ProtocolExec.java:186)
	at org.apache.http.impl.execchain.RetryExec.execute(RetryExec.java:89)
	at org.apache.http.impl.execchain.RedirectExec.execute(RedirectExec.java:110)
	at org.apache.http.impl.client.InternalHttpClient.doExecute(InternalHttpClient.java:185)
	at org.apache.http.impl.client.CloseableHttpClient.execute(CloseableHttpClient.java:83)
	at org.apache.http.impl.client.CloseableHttpClient.execute(CloseableHttpClient.java:56)
	at org.springframework.http.client.HttpComponentsClientHttpRequest.executeInternal(HttpComponentsClientHttpRequest.java:87)
	at org.springframework.http.client.AbstractBufferingClientHttpRequest.executeInternal(AbstractBufferingClientHttpRequest.java:48)
	at org.springframework.http.client.AbstractClientHttpRequest.execute(AbstractClientHttpRequest.java:66)
	at org.springframework.web.client.RestTemplate.doExecute(RestTemplate.java:776)
	... 40 more
Caused by: java.net.ConnectException: Connection refused: connect
	at java.base/sun.nio.ch.Net.connect0(Native Method)
	at java.base/sun.nio.ch.Net.connect(Net.java:579)
	at java.base/sun.nio.ch.Net.connect(Net.java:568)
	at java.base/sun.nio.ch.NioSocketImpl.connect(NioSocketImpl.java:588)
	at java.base/java.net.SocksSocketImpl.connect(SocksSocketImpl.java:327)
	at java.base/java.net.Socket.connect(Socket.java:633)
	at org.apache.http.conn.socket.PlainConnectionSocketFactory.connectSocket(PlainConnectionSocketFactory.java:75)
	at org.apache.http.impl.conn.DefaultHttpClientConnectionOperator.connect(DefaultHttpClientConnectionOperator.java:142)
	... 53 more

09-05-2024 16:38:03.0343|INFO |Completed shut down of DiscoveryClient
09-05-2024 17:07:11.0555|INFO |The Class-Path manifest attribute in C:\Users\Ih3b\.m2\repository\org\glassfish\ha\ha-api\3.1.9\ha-api-3.1.9.jar referenced one or more files that do not exist: file:/C:/Users/Ih3b/.m2/repository/org/glassfish/ha/ha-api/3.1.9/hk2-core.jar,file:/C:/Users/Ih3b/.m2/repository/org/glassfish/ha/ha-api/3.1.9/class-model.jar,file:/C:/Users/Ih3b/.m2/repository/org/glassfish/ha/ha-api/3.1.9/config.jar,file:/C:/Users/Ih3b/.m2/repository/org/glassfish/ha/ha-api/3.1.9/auto-depends.jar,file:/C:/Users/Ih3b/.m2/repository/org/glassfish/ha/ha-api/3.1.9/javax.inject.jar,file:/C:/Users/Ih3b/.m2/repository/org/glassfish/ha/ha-api/3.1.9/asm-all-repackaged.jar,file:/C:/Users/Ih3b/.m2/repository/org/glassfish/ha/ha-api/3.1.9/hk2-api.jar,file:/C:/Users/Ih3b/.m2/repository/org/glassfish/ha/ha-api/3.1.9/osgi-resource-locator.jar,file:/C:/Users/Ih3b/.m2/repository/org/glassfish/ha/ha-api/3.1.9/tiger-types.jar,file:/C:/Users/Ih3b/.m2/repository/org/glassfish/ha/ha-api/3.1.9/bean-validator.jar,file:/C:/Users/Ih3b/.m2/repository/org/glassfish/ha/ha-api/3.1.9/jtype.jar
09-05-2024 17:07:11.0558|INFO |Devtools property defaults active! Set 'spring.devtools.add-properties' to 'false' to disable
09-05-2024 17:07:11.0558|INFO |For additional web related logging consider setting the 'logging.level.web' property to 'DEBUG'
09-05-2024 17:07:13.0210|INFO |Bootstrapping Spring Data JPA repositories in DEFAULT mode.
09-05-2024 17:07:13.0500|INFO |Finished Spring Data repository scanning in 278 ms. Found 14 JPA repository interfaces.
09-05-2024 17:07:13.0977|INFO |BeanFactory id=5ccaec49-1bf5-3a6d-a686-a54a50d1a609
09-05-2024 17:07:14.0868|INFO |Tomcat initialized with port(s): 8060 (http)
09-05-2024 17:07:14.0880|INFO |Starting service [Tomcat]
09-05-2024 17:07:14.0880|INFO |Starting Servlet engine: [Apache Tomcat/9.0.65]
09-05-2024 17:07:15.0063|INFO |Initializing Spring embedded WebApplicationContext
09-05-2024 17:07:15.0063|INFO |Root WebApplicationContext: initialization completed in 3504 ms
09-05-2024 17:07:15.0574|INFO |HHH000204: Processing PersistenceUnitInfo [name: default]
09-05-2024 17:07:15.0679|INFO |HHH000412: Hibernate ORM core version 5.6.11.Final
09-05-2024 17:07:16.0018|INFO |HCANN000001: Hibernate Commons Annotations {5.1.2.Final}
09-05-2024 17:07:16.0275|INFO |HHH000400: Using dialect: org.hibernate.dialect.PostgreSQLDialect
09-05-2024 17:07:17.0473|INFO |HikariPool-1 - Starting...
09-05-2024 17:07:17.0673|INFO |HikariPool-1 - Start completed.
09-05-2024 17:07:18.0032|INFO |HHH000490: Using JtaPlatform implementation: [org.hibernate.engine.transaction.jta.platform.internal.NoJtaPlatform]
09-05-2024 17:07:18.0048|INFO |Initialized JPA EntityManagerFactory for persistence unit 'default'
09-05-2024 17:07:20.0914|INFO |Eureka HTTP Client uses RestTemplate.
09-05-2024 17:07:21.0029|INFO |Exposing 1 endpoint(s) beneath base path '/actuator'
09-05-2024 17:07:21.0065|INFO |Setting initial instance status as: STARTING
09-05-2024 17:07:21.0131|INFO |Initializing Eureka in region us-east-1
09-05-2024 17:07:21.0138|INFO |Resolving eureka endpoints via configuration
09-05-2024 17:07:21.0182|INFO |Disable delta property : false
09-05-2024 17:07:21.0182|INFO |Single vip registry refresh property : null
09-05-2024 17:07:21.0182|INFO |Force full registry fetch : false
09-05-2024 17:07:21.0182|INFO |Application is null : false
09-05-2024 17:07:21.0183|INFO |Registered Applications size is zero : true
09-05-2024 17:07:21.0183|INFO |Application version is -1: true
09-05-2024 17:07:21.0183|INFO |Getting all instance registry info from the eureka server
09-05-2024 17:07:21.0588|INFO |The response status is 200
09-05-2024 17:07:21.0591|INFO |Starting heartbeat executor: renew interval is: 30
09-05-2024 17:07:21.0594|INFO |InstanceInfoReplicator onDemand update allowed rate per min is 4
09-05-2024 17:07:21.0599|INFO |Discovery Client initialized at timestamp 1715267241598 with initial instances count: 1
09-05-2024 17:07:21.0601|INFO |Registering application ADMINISTRATION-SERVICE with eureka with status UP
09-05-2024 17:07:21.0602|INFO |Saw local status change event StatusChangeEvent [timestamp=1715267241602, current=UP, previous=STARTING]
09-05-2024 17:07:21.0604|INFO |DiscoveryClient_ADMINISTRATION-SERVICE/DESKTOP-QC9TBH3.mshome.net:administration-service:8060: registering service...
09-05-2024 17:07:21.0638|INFO |Tomcat started on port(s): 8060 (http) with context path ''
09-05-2024 17:07:21.0639|INFO |Updating port to 8060
09-05-2024 17:07:21.0660|INFO |DiscoveryClient_ADMINISTRATION-SERVICE/DESKTOP-QC9TBH3.mshome.net:administration-service:8060 - registration status: 204
09-05-2024 17:07:21.0825|INFO |Starting Completed ...
09-05-2024 17:07:33.0105|INFO |Unregistering application ADMINISTRATION-SERVICE with eureka with status DOWN
09-05-2024 17:07:33.0105|INFO |Saw local status change event StatusChangeEvent [timestamp=1715267253105, current=DOWN, previous=UP]
09-05-2024 17:07:33.0106|INFO |DiscoveryClient_ADMINISTRATION-SERVICE/DESKTOP-QC9TBH3.mshome.net:administration-service:8060: registering service...
09-05-2024 17:07:33.0112|INFO |DiscoveryClient_ADMINISTRATION-SERVICE/DESKTOP-QC9TBH3.mshome.net:administration-service:8060 - registration status: 204
09-05-2024 17:07:33.0171|INFO |Closing JPA EntityManagerFactory for persistence unit 'default'
09-05-2024 17:07:33.0176|INFO |HikariPool-1 - Shutdown initiated...
09-05-2024 17:07:33.0179|INFO |HikariPool-1 - Shutdown completed.
09-05-2024 17:07:33.0181|INFO |Shutting down DiscoveryClient ...
09-05-2024 17:07:36.0186|INFO |Unregistering ...
09-05-2024 17:07:36.0194|INFO |DiscoveryClient_ADMINISTRATION-SERVICE/DESKTOP-QC9TBH3.mshome.net:administration-service:8060 - deregister  status: 200
09-05-2024 17:07:36.0199|INFO |Completed shut down of DiscoveryClient
09-05-2024 17:07:51.0651|INFO |The Class-Path manifest attribute in C:\Users\Ih3b\.m2\repository\org\glassfish\ha\ha-api\3.1.9\ha-api-3.1.9.jar referenced one or more files that do not exist: file:/C:/Users/Ih3b/.m2/repository/org/glassfish/ha/ha-api/3.1.9/hk2-core.jar,file:/C:/Users/Ih3b/.m2/repository/org/glassfish/ha/ha-api/3.1.9/class-model.jar,file:/C:/Users/Ih3b/.m2/repository/org/glassfish/ha/ha-api/3.1.9/config.jar,file:/C:/Users/Ih3b/.m2/repository/org/glassfish/ha/ha-api/3.1.9/auto-depends.jar,file:/C:/Users/Ih3b/.m2/repository/org/glassfish/ha/ha-api/3.1.9/javax.inject.jar,file:/C:/Users/Ih3b/.m2/repository/org/glassfish/ha/ha-api/3.1.9/asm-all-repackaged.jar,file:/C:/Users/Ih3b/.m2/repository/org/glassfish/ha/ha-api/3.1.9/hk2-api.jar,file:/C:/Users/Ih3b/.m2/repository/org/glassfish/ha/ha-api/3.1.9/osgi-resource-locator.jar,file:/C:/Users/Ih3b/.m2/repository/org/glassfish/ha/ha-api/3.1.9/tiger-types.jar,file:/C:/Users/Ih3b/.m2/repository/org/glassfish/ha/ha-api/3.1.9/bean-validator.jar,file:/C:/Users/Ih3b/.m2/repository/org/glassfish/ha/ha-api/3.1.9/jtype.jar
09-05-2024 17:07:51.0655|INFO |Devtools property defaults active! Set 'spring.devtools.add-properties' to 'false' to disable
09-05-2024 17:07:51.0655|INFO |For additional web related logging consider setting the 'logging.level.web' property to 'DEBUG'
09-05-2024 17:07:53.0320|INFO |Bootstrapping Spring Data JPA repositories in DEFAULT mode.
09-05-2024 17:07:53.0583|INFO |Finished Spring Data repository scanning in 252 ms. Found 14 JPA repository interfaces.
09-05-2024 17:07:54.0057|INFO |BeanFactory id=5ccaec49-1bf5-3a6d-a686-a54a50d1a609
09-05-2024 17:07:55.0129|INFO |Tomcat initialized with port(s): 8060 (http)
09-05-2024 17:07:55.0355|INFO |Root WebApplicationContext: initialization completed in 3699 ms
09-05-2024 17:07:55.0736|INFO |HHH000204: Processing PersistenceUnitInfo [name: default]
09-05-2024 17:07:55.0839|INFO |HHH000412: Hibernate ORM core version 5.6.11.Final
09-05-2024 17:07:56.0194|INFO |HCANN000001: Hibernate Commons Annotations {5.1.2.Final}
09-05-2024 17:07:56.0380|INFO |HHH000400: Using dialect: org.hibernate.dialect.PostgreSQLDialect
09-05-2024 17:07:57.0763|INFO |HikariPool-1 - Starting...
09-05-2024 17:07:57.0935|INFO |HikariPool-1 - Start completed.
09-05-2024 17:07:58.0256|INFO |HHH000490: Using JtaPlatform implementation: [org.hibernate.engine.transaction.jta.platform.internal.NoJtaPlatform]
09-05-2024 17:07:58.0268|INFO |Initialized JPA EntityManagerFactory for persistence unit 'default'
09-05-2024 17:08:00.0679|INFO |LiveReload server is running on port 35729
09-05-2024 17:08:00.0842|INFO |Eureka HTTP Client uses RestTemplate.
09-05-2024 17:08:00.0943|INFO |Exposing 1 endpoint(s) beneath base path '/actuator'
09-05-2024 17:08:00.0980|INFO |Setting initial instance status as: STARTING
09-05-2024 17:08:01.0030|INFO |Initializing Eureka in region us-east-1
09-05-2024 17:08:01.0036|INFO |Resolving eureka endpoints via configuration
09-05-2024 17:08:01.0068|INFO |Disable delta property : false
09-05-2024 17:08:01.0069|INFO |Single vip registry refresh property : null
09-05-2024 17:08:01.0069|INFO |Force full registry fetch : false
09-05-2024 17:08:01.0069|INFO |Application is null : false
09-05-2024 17:08:01.0069|INFO |Registered Applications size is zero : true
09-05-2024 17:08:01.0069|INFO |Application version is -1: true
09-05-2024 17:08:01.0069|INFO |Getting all instance registry info from the eureka server
09-05-2024 17:08:01.0429|INFO |Request execution error. endpoint=DefaultEndpoint{ serviceUrl='http://127.0.0.1:8761/eureka/}, exception=I/O error on GET request for "http://127.0.0.1:8761/eureka/apps/": Connect to 127.0.0.1:8761 [/127.0.0.1] failed: Connection refused: connect; nested exception is org.apache.http.conn.HttpHostConnectException: Connect to 127.0.0.1:8761 [/127.0.0.1] failed: Connection refused: connect stacktrace=org.springframework.web.client.ResourceAccessException: I/O error on GET request for "http://127.0.0.1:8761/eureka/apps/": Connect to 127.0.0.1:8761 [/127.0.0.1] failed: Connection refused: connect; nested exception is org.apache.http.conn.HttpHostConnectException: Connect to 127.0.0.1:8761 [/127.0.0.1] failed: Connection refused: connect
	at org.springframework.web.client.RestTemplate.doExecute(RestTemplate.java:785)
	at org.springframework.web.client.RestTemplate.execute(RestTemplate.java:711)
	at org.springframework.web.client.RestTemplate.exchange(RestTemplate.java:602)
	at org.springframework.cloud.netflix.eureka.http.RestTemplateEurekaHttpClient.getApplicationsInternal(RestTemplateEurekaHttpClient.java:145)
	at org.springframework.cloud.netflix.eureka.http.RestTemplateEurekaHttpClient.getApplications(RestTemplateEurekaHttpClient.java:135)
	at com.netflix.discovery.shared.transport.decorator.EurekaHttpClientDecorator$6.execute(EurekaHttpClientDecorator.java:137)
	at com.netflix.discovery.shared.transport.decorator.RedirectingEurekaHttpClient.executeOnNewServer(RedirectingEurekaHttpClient.java:121)
	at com.netflix.discovery.shared.transport.decorator.RedirectingEurekaHttpClient.execute(RedirectingEurekaHttpClient.java:80)
	at com.netflix.discovery.shared.transport.decorator.EurekaHttpClientDecorator.getApplications(EurekaHttpClientDecorator.java:134)
	at com.netflix.discovery.shared.transport.decorator.EurekaHttpClientDecorator$6.execute(EurekaHttpClientDecorator.java:137)
	at com.netflix.discovery.shared.transport.decorator.RetryableEurekaHttpClient.execute(RetryableEurekaHttpClient.java:120)
	at com.netflix.discovery.shared.transport.decorator.EurekaHttpClientDecorator.getApplications(EurekaHttpClientDecorator.java:134)
	at com.netflix.discovery.shared.transport.decorator.EurekaHttpClientDecorator$6.execute(EurekaHttpClientDecorator.java:137)
	at com.netflix.discovery.shared.transport.decorator.SessionedEurekaHttpClient.execute(SessionedEurekaHttpClient.java:77)
	at com.netflix.discovery.shared.transport.decorator.EurekaHttpClientDecorator.getApplications(EurekaHttpClientDecorator.java:134)
	at com.netflix.discovery.DiscoveryClient.getAndStoreFullRegistry(DiscoveryClient.java:1101)
	at com.netflix.discovery.DiscoveryClient.fetchRegistry(DiscoveryClient.java:1014)
	at com.netflix.discovery.DiscoveryClient.<init>(DiscoveryClient.java:441)
	at com.netflix.discovery.DiscoveryClient.<init>(DiscoveryClient.java:283)
	at com.netflix.discovery.DiscoveryClient.<init>(DiscoveryClient.java:279)
	at org.springframework.cloud.netflix.eureka.CloudEurekaClient.<init>(CloudEurekaClient.java:66)
	at org.springframework.cloud.netflix.eureka.EurekaClientAutoConfiguration$RefreshableEurekaClientConfiguration.eurekaClient(EurekaClientAutoConfiguration.java:295)
	at java.base/jdk.internal.reflect.NativeMethodAccessorImpl.invoke0(Native Method)
	at java.base/jdk.internal.reflect.NativeMethodAccessorImpl.invoke(NativeMethodAccessorImpl.java:77)
	at java.base/jdk.internal.reflect.DelegatingMethodAccessorImpl.invoke(DelegatingMethodAccessorImpl.java:43)
	at java.base/java.lang.reflect.Method.invoke(Method.java:568)
	at org.springframework.beans.factory.support.SimpleInstantiationStrategy.instantiate(SimpleInstantiationStrategy.java:154)
	at org.springframework.beans.factory.support.ConstructorResolver.instantiate(ConstructorResolver.java:653)
	at org.springframework.beans.factory.support.ConstructorResolver.instantiateUsingFactoryMethod(ConstructorResolver.java:638)
	at org.springframework.beans.factory.support.AbstractAutowireCapableBeanFactory.instantiateUsingFactoryMethod(AbstractAutowireCapableBeanFactory.java:1352)
	at org.springframework.beans.factory.support.AbstractAutowireCapableBeanFactory.createBeanInstance(AbstractAutowireCapableBeanFactory.java:1195)
	at org.springframework.beans.factory.support.AbstractAutowireCapableBeanFactory.doCreateBean(AbstractAutowireCapableBeanFactory.java:582)
	at org.springframework.beans.factory.support.AbstractAutowireCapableBeanFactory.createBean(AbstractAutowireCapableBeanFactory.java:542)
	at org.springframework.beans.factory.support.AbstractBeanFactory.lambda$doGetBean$1(AbstractBeanFactory.java:374)
	at org.springframework.cloud.context.scope.GenericScope$BeanLifecycleWrapper.getBean(GenericScope.java:376)
	at org.springframework.cloud.context.scope.GenericScope.get(GenericScope.java:179)
	at org.springframework.beans.factory.support.AbstractBeanFactory.doGetBean(AbstractBeanFactory.java:371)
	at org.springframework.beans.factory.support.AbstractBeanFactory.getBean(AbstractBeanFactory.java:208)
	at org.springframework.aop.target.SimpleBeanTargetSource.getTarget(SimpleBeanTargetSource.java:35)
	at org.springframework.cloud.netflix.eureka.serviceregistry.EurekaRegistration.getTargetObject(EurekaRegistration.java:127)
	at org.springframework.cloud.netflix.eureka.serviceregistry.EurekaRegistration.getEurekaClient(EurekaRegistration.java:115)
	at java.base/jdk.internal.reflect.NativeMethodAccessorImpl.invoke0(Native Method)
	at java.base/jdk.internal.reflect.NativeMethodAccessorImpl.invoke(NativeMethodAccessorImpl.java:77)
	at java.base/jdk.internal.reflect.DelegatingMethodAccessorImpl.invoke(DelegatingMethodAccessorImpl.java:43)
	at java.base/java.lang.reflect.Method.invoke(Method.java:568)
	at org.springframework.util.ReflectionUtils.invokeMethod(ReflectionUtils.java:282)
	at org.springframework.cloud.context.scope.GenericScope$LockedScopedProxyFactoryBean.invoke(GenericScope.java:485)
	at org.springframework.aop.framework.ReflectiveMethodInvocation.proceed(ReflectiveMethodInvocation.java:186)
	at org.springframework.aop.framework.CglibAopProxy$CglibMethodInvocation.proceed(CglibAopProxy.java:763)
	at org.springframework.aop.framework.CglibAopProxy$DynamicAdvisedInterceptor.intercept(CglibAopProxy.java:708)
	at org.springframework.cloud.netflix.eureka.serviceregistry.EurekaRegistration$$EnhancerBySpringCGLIB$$cb381c20.getEurekaClient(<generated>)
	at org.springframework.cloud.netflix.eureka.serviceregistry.EurekaServiceRegistry.maybeInitializeClient(EurekaServiceRegistry.java:54)
	at org.springframework.cloud.netflix.eureka.serviceregistry.EurekaServiceRegistry.register(EurekaServiceRegistry.java:38)
	at org.springframework.cloud.netflix.eureka.serviceregistry.EurekaAutoServiceRegistration.start(EurekaAutoServiceRegistration.java:83)
	at org.springframework.context.support.DefaultLifecycleProcessor.doStart(DefaultLifecycleProcessor.java:178)
	at org.springframework.context.support.DefaultLifecycleProcessor.access$200(DefaultLifecycleProcessor.java:54)
	at org.springframework.context.support.DefaultLifecycleProcessor$LifecycleGroup.start(DefaultLifecycleProcessor.java:356)
	at java.base/java.lang.Iterable.forEach(Iterable.java:75)
	at org.springframework.context.support.DefaultLifecycleProcessor.startBeans(DefaultLifecycleProcessor.java:155)
	at org.springframework.context.support.DefaultLifecycleProcessor.onRefresh(DefaultLifecycleProcessor.java:123)
	at org.springframework.context.support.AbstractApplicationContext.finishRefresh(AbstractApplicationContext.java:935)
	at org.springframework.context.support.AbstractApplicationContext.refresh(AbstractApplicationContext.java:586)
	at org.springframework.boot.web.servlet.context.ServletWebServerApplicationContext.refresh(ServletWebServerApplicationContext.java:147)
	at org.springframework.boot.SpringApplication.refresh(SpringApplication.java:734)
	at org.springframework.boot.SpringApplication.refreshContext(SpringApplication.java:408)
	at org.springframework.boot.SpringApplication.run(SpringApplication.java:308)
	at org.springframework.boot.SpringApplication.run(SpringApplication.java:1306)
	at org.springframework.boot.SpringApplication.run(SpringApplication.java:1295)
	at tn.com.st2i.project.AdministrationApplication.main(AdministrationApplication.java:23)
	at java.base/jdk.internal.reflect.NativeMethodAccessorImpl.invoke0(Native Method)
	at java.base/jdk.internal.reflect.NativeMethodAccessorImpl.invoke(NativeMethodAccessorImpl.java:77)
	at java.base/jdk.internal.reflect.DelegatingMethodAccessorImpl.invoke(DelegatingMethodAccessorImpl.java:43)
	at java.base/java.lang.reflect.Method.invoke(Method.java:568)
	at org.springframework.boot.devtools.restart.RestartLauncher.run(RestartLauncher.java:49)
Caused by: org.apache.http.conn.HttpHostConnectException: Connect to 127.0.0.1:8761 [/127.0.0.1] failed: Connection refused: connect
	at org.apache.http.impl.conn.DefaultHttpClientConnectionOperator.connect(DefaultHttpClientConnectionOperator.java:156)
	at org.apache.http.impl.conn.PoolingHttpClientConnectionManager.connect(PoolingHttpClientConnectionManager.java:376)
	at org.apache.http.impl.execchain.MainClientExec.establishRoute(MainClientExec.java:393)
	at org.apache.http.impl.execchain.MainClientExec.execute(MainClientExec.java:236)
	at org.apache.http.impl.execchain.ProtocolExec.execute(ProtocolExec.java:186)
	at org.apache.http.impl.execchain.RetryExec.execute(RetryExec.java:89)
	at org.apache.http.impl.execchain.RedirectExec.execute(RedirectExec.java:110)
	at org.apache.http.impl.client.InternalHttpClient.doExecute(InternalHttpClient.java:185)
	at org.apache.http.impl.client.CloseableHttpClient.execute(CloseableHttpClient.java:83)
	at org.apache.http.impl.client.CloseableHttpClient.execute(CloseableHttpClient.java:56)
	at org.springframework.http.client.HttpComponentsClientHttpRequest.executeInternal(HttpComponentsClientHttpRequest.java:87)
	at org.springframework.http.client.AbstractBufferingClientHttpRequest.executeInternal(AbstractBufferingClientHttpRequest.java:48)
	at org.springframework.http.client.AbstractClientHttpRequest.execute(AbstractClientHttpRequest.java:66)
	at org.springframework.web.client.RestTemplate.doExecute(RestTemplate.java:776)
	... 73 more
Caused by: java.net.ConnectException: Connection refused: connect
	at java.base/sun.nio.ch.Net.connect0(Native Method)
	at java.base/sun.nio.ch.Net.connect(Net.java:579)
	at java.base/sun.nio.ch.Net.connect(Net.java:568)
	at java.base/sun.nio.ch.NioSocketImpl.connect(NioSocketImpl.java:588)
	at java.base/java.net.SocksSocketImpl.connect(SocksSocketImpl.java:327)
	at java.base/java.net.Socket.connect(Socket.java:633)
	at org.apache.http.conn.socket.PlainConnectionSocketFactory.connectSocket(PlainConnectionSocketFactory.java:75)
	at org.apache.http.impl.conn.DefaultHttpClientConnectionOperator.connect(DefaultHttpClientConnectionOperator.java:142)
	... 86 more

09-05-2024 17:08:01.0430|INFO |DiscoveryClient_ADMINISTRATION-SERVICE/DESKTOP-QC9TBH3.mshome.net:administration-service:8060 - was unable to refresh its cache! This periodic background refresh will be retried in 30 seconds. status = Cannot execute request on any known server stacktrace = com.netflix.discovery.shared.transport.TransportException: Cannot execute request on any known server
	at com.netflix.discovery.shared.transport.decorator.RetryableEurekaHttpClient.execute(RetryableEurekaHttpClient.java:112)
	at com.netflix.discovery.shared.transport.decorator.EurekaHttpClientDecorator.getApplications(EurekaHttpClientDecorator.java:134)
	at com.netflix.discovery.shared.transport.decorator.EurekaHttpClientDecorator$6.execute(EurekaHttpClientDecorator.java:137)
	at com.netflix.discovery.shared.transport.decorator.SessionedEurekaHttpClient.execute(SessionedEurekaHttpClient.java:77)
	at com.netflix.discovery.shared.transport.decorator.EurekaHttpClientDecorator.getApplications(EurekaHttpClientDecorator.java:134)
	at com.netflix.discovery.DiscoveryClient.getAndStoreFullRegistry(DiscoveryClient.java:1101)
	at com.netflix.discovery.DiscoveryClient.fetchRegistry(DiscoveryClient.java:1014)
	at com.netflix.discovery.DiscoveryClient.<init>(DiscoveryClient.java:441)
	at com.netflix.discovery.DiscoveryClient.<init>(DiscoveryClient.java:283)
	at com.netflix.discovery.DiscoveryClient.<init>(DiscoveryClient.java:279)
	at org.springframework.cloud.netflix.eureka.CloudEurekaClient.<init>(CloudEurekaClient.java:66)
	at org.springframework.cloud.netflix.eureka.EurekaClientAutoConfiguration$RefreshableEurekaClientConfiguration.eurekaClient(EurekaClientAutoConfiguration.java:295)
	at java.base/jdk.internal.reflect.NativeMethodAccessorImpl.invoke0(Native Method)
	at java.base/jdk.internal.reflect.NativeMethodAccessorImpl.invoke(NativeMethodAccessorImpl.java:77)
	at java.base/jdk.internal.reflect.DelegatingMethodAccessorImpl.invoke(DelegatingMethodAccessorImpl.java:43)
	at java.base/java.lang.reflect.Method.invoke(Method.java:568)
	at org.springframework.beans.factory.support.SimpleInstantiationStrategy.instantiate(SimpleInstantiationStrategy.java:154)
	at org.springframework.beans.factory.support.ConstructorResolver.instantiate(ConstructorResolver.java:653)
	at org.springframework.beans.factory.support.ConstructorResolver.instantiateUsingFactoryMethod(ConstructorResolver.java:638)
	at org.springframework.beans.factory.support.AbstractAutowireCapableBeanFactory.instantiateUsingFactoryMethod(AbstractAutowireCapableBeanFactory.java:1352)
	at org.springframework.beans.factory.support.AbstractAutowireCapableBeanFactory.createBeanInstance(AbstractAutowireCapableBeanFactory.java:1195)
	at org.springframework.beans.factory.support.AbstractAutowireCapableBeanFactory.doCreateBean(AbstractAutowireCapableBeanFactory.java:582)
	at org.springframework.beans.factory.support.AbstractAutowireCapableBeanFactory.createBean(AbstractAutowireCapableBeanFactory.java:542)
	at org.springframework.beans.factory.support.AbstractBeanFactory.lambda$doGetBean$1(AbstractBeanFactory.java:374)
	at org.springframework.cloud.context.scope.GenericScope$BeanLifecycleWrapper.getBean(GenericScope.java:376)
	at org.springframework.cloud.context.scope.GenericScope.get(GenericScope.java:179)
	at org.springframework.beans.factory.support.AbstractBeanFactory.doGetBean(AbstractBeanFactory.java:371)
	at org.springframework.beans.factory.support.AbstractBeanFactory.getBean(AbstractBeanFactory.java:208)
	at org.springframework.aop.target.SimpleBeanTargetSource.getTarget(SimpleBeanTargetSource.java:35)
	at org.springframework.cloud.netflix.eureka.serviceregistry.EurekaRegistration.getTargetObject(EurekaRegistration.java:127)
	at org.springframework.cloud.netflix.eureka.serviceregistry.EurekaRegistration.getEurekaClient(EurekaRegistration.java:115)
	at java.base/jdk.internal.reflect.NativeMethodAccessorImpl.invoke0(Native Method)
	at java.base/jdk.internal.reflect.NativeMethodAccessorImpl.invoke(NativeMethodAccessorImpl.java:77)
	at java.base/jdk.internal.reflect.DelegatingMethodAccessorImpl.invoke(DelegatingMethodAccessorImpl.java:43)
	at java.base/java.lang.reflect.Method.invoke(Method.java:568)
	at org.springframework.util.ReflectionUtils.invokeMethod(ReflectionUtils.java:282)
	at org.springframework.cloud.context.scope.GenericScope$LockedScopedProxyFactoryBean.invoke(GenericScope.java:485)
	at org.springframework.aop.framework.ReflectiveMethodInvocation.proceed(ReflectiveMethodInvocation.java:186)
	at org.springframework.aop.framework.CglibAopProxy$CglibMethodInvocation.proceed(CglibAopProxy.java:763)
	at org.springframework.aop.framework.CglibAopProxy$DynamicAdvisedInterceptor.intercept(CglibAopProxy.java:708)
	at org.springframework.cloud.netflix.eureka.serviceregistry.EurekaRegistration$$EnhancerBySpringCGLIB$$cb381c20.getEurekaClient(<generated>)
	at org.springframework.cloud.netflix.eureka.serviceregistry.EurekaServiceRegistry.maybeInitializeClient(EurekaServiceRegistry.java:54)
	at org.springframework.cloud.netflix.eureka.serviceregistry.EurekaServiceRegistry.register(EurekaServiceRegistry.java:38)
	at org.springframework.cloud.netflix.eureka.serviceregistry.EurekaAutoServiceRegistration.start(EurekaAutoServiceRegistration.java:83)
	at org.springframework.context.support.DefaultLifecycleProcessor.doStart(DefaultLifecycleProcessor.java:178)
	at org.springframework.context.support.DefaultLifecycleProcessor.access$200(DefaultLifecycleProcessor.java:54)
	at org.springframework.context.support.DefaultLifecycleProcessor$LifecycleGroup.start(DefaultLifecycleProcessor.java:356)
	at java.base/java.lang.Iterable.forEach(Iterable.java:75)
	at org.springframework.context.support.DefaultLifecycleProcessor.startBeans(DefaultLifecycleProcessor.java:155)
	at org.springframework.context.support.DefaultLifecycleProcessor.onRefresh(DefaultLifecycleProcessor.java:123)
	at org.springframework.context.support.AbstractApplicationContext.finishRefresh(AbstractApplicationContext.java:935)
	at org.springframework.context.support.AbstractApplicationContext.refresh(AbstractApplicationContext.java:586)
	at org.springframework.boot.web.servlet.context.ServletWebServerApplicationContext.refresh(ServletWebServerApplicationContext.java:147)
	at org.springframework.boot.SpringApplication.refresh(SpringApplication.java:734)
	at org.springframework.boot.SpringApplication.refreshContext(SpringApplication.java:408)
	at org.springframework.boot.SpringApplication.run(SpringApplication.java:308)
	at org.springframework.boot.SpringApplication.run(SpringApplication.java:1306)
	at org.springframework.boot.SpringApplication.run(SpringApplication.java:1295)
	at tn.com.st2i.project.AdministrationApplication.main(AdministrationApplication.java:23)
	at java.base/jdk.internal.reflect.NativeMethodAccessorImpl.invoke0(Native Method)
	at java.base/jdk.internal.reflect.NativeMethodAccessorImpl.invoke(NativeMethodAccessorImpl.java:77)
	at java.base/jdk.internal.reflect.DelegatingMethodAccessorImpl.invoke(DelegatingMethodAccessorImpl.java:43)
	at java.base/java.lang.reflect.Method.invoke(Method.java:568)
	at org.springframework.boot.devtools.restart.RestartLauncher.run(RestartLauncher.java:49)

09-05-2024 17:08:01.0430|INFO |Initial registry fetch from primary servers failed
09-05-2024 17:08:01.0431|INFO |Initial registry fetch from backup servers failed
09-05-2024 17:08:01.0432|INFO |Starting heartbeat executor: renew interval is: 30
09-05-2024 17:08:01.0435|INFO |InstanceInfoReplicator onDemand update allowed rate per min is 4
09-05-2024 17:08:01.0441|INFO |Discovery Client initialized at timestamp 1715267281440 with initial instances count: 0
09-05-2024 17:08:01.0443|INFO |Registering application ADMINISTRATION-SERVICE with eureka with status UP
09-05-2024 17:08:01.0444|INFO |Saw local status change event StatusChangeEvent [timestamp=1715267281444, current=UP, previous=STARTING]
09-05-2024 17:08:01.0446|INFO |DiscoveryClient_ADMINISTRATION-SERVICE/DESKTOP-QC9TBH3.mshome.net:administration-service:8060: registering service...
09-05-2024 17:08:01.0472|INFO |Tomcat started on port(s): 8060 (http) with context path ''
09-05-2024 17:08:01.0473|INFO |Updating port to 8060
09-05-2024 17:08:01.0498|INFO |Request execution error. endpoint=DefaultEndpoint{ serviceUrl='http://127.0.0.1:8761/eureka/}, exception=I/O error on POST request for "http://127.0.0.1:8761/eureka/apps/ADMINISTRATION-SERVICE": Connect to 127.0.0.1:8761 [/127.0.0.1] failed: Connection refused: connect; nested exception is org.apache.http.conn.HttpHostConnectException: Connect to 127.0.0.1:8761 [/127.0.0.1] failed: Connection refused: connect stacktrace=org.springframework.web.client.ResourceAccessException: I/O error on POST request for "http://127.0.0.1:8761/eureka/apps/ADMINISTRATION-SERVICE": Connect to 127.0.0.1:8761 [/127.0.0.1] failed: Connection refused: connect; nested exception is org.apache.http.conn.HttpHostConnectException: Connect to 127.0.0.1:8761 [/127.0.0.1] failed: Connection refused: connect
	at org.springframework.web.client.RestTemplate.doExecute(RestTemplate.java:785)
	at org.springframework.web.client.RestTemplate.execute(RestTemplate.java:711)
	at org.springframework.web.client.RestTemplate.exchange(RestTemplate.java:602)
	at org.springframework.cloud.netflix.eureka.http.RestTemplateEurekaHttpClient.register(RestTemplateEurekaHttpClient.java:77)
	at com.netflix.discovery.shared.transport.decorator.EurekaHttpClientDecorator$1.execute(EurekaHttpClientDecorator.java:59)
	at com.netflix.discovery.shared.transport.decorator.RedirectingEurekaHttpClient.executeOnNewServer(RedirectingEurekaHttpClient.java:121)
	at com.netflix.discovery.shared.transport.decorator.RedirectingEurekaHttpClient.execute(RedirectingEurekaHttpClient.java:80)
	at com.netflix.discovery.shared.transport.decorator.EurekaHttpClientDecorator.register(EurekaHttpClientDecorator.java:56)
	at com.netflix.discovery.shared.transport.decorator.EurekaHttpClientDecorator$1.execute(EurekaHttpClientDecorator.java:59)
	at com.netflix.discovery.shared.transport.decorator.RetryableEurekaHttpClient.execute(RetryableEurekaHttpClient.java:120)
	at com.netflix.discovery.shared.transport.decorator.EurekaHttpClientDecorator.register(EurekaHttpClientDecorator.java:56)
	at com.netflix.discovery.shared.transport.decorator.EurekaHttpClientDecorator$1.execute(EurekaHttpClientDecorator.java:59)
	at com.netflix.discovery.shared.transport.decorator.SessionedEurekaHttpClient.execute(SessionedEurekaHttpClient.java:77)
	at com.netflix.discovery.shared.transport.decorator.EurekaHttpClientDecorator.register(EurekaHttpClientDecorator.java:56)
	at com.netflix.discovery.DiscoveryClient.register(DiscoveryClient.java:876)
	at com.netflix.discovery.InstanceInfoReplicator.run(InstanceInfoReplicator.java:121)
	at com.netflix.discovery.InstanceInfoReplicator$1.run(InstanceInfoReplicator.java:101)
	at java.base/java.util.concurrent.Executors$RunnableAdapter.call(Executors.java:539)
	at java.base/java.util.concurrent.FutureTask.run(FutureTask.java:264)
	at java.base/java.util.concurrent.ScheduledThreadPoolExecutor$ScheduledFutureTask.run(ScheduledThreadPoolExecutor.java:304)
	at java.base/java.util.concurrent.ThreadPoolExecutor.runWorker(ThreadPoolExecutor.java:1136)
	at java.base/java.util.concurrent.ThreadPoolExecutor$Worker.run(ThreadPoolExecutor.java:635)
	at java.base/java.lang.Thread.run(Thread.java:833)
Caused by: org.apache.http.conn.HttpHostConnectException: Connect to 127.0.0.1:8761 [/127.0.0.1] failed: Connection refused: connect
	at org.apache.http.impl.conn.DefaultHttpClientConnectionOperator.connect(DefaultHttpClientConnectionOperator.java:156)
	at org.apache.http.impl.conn.PoolingHttpClientConnectionManager.connect(PoolingHttpClientConnectionManager.java:376)
	at org.apache.http.impl.execchain.MainClientExec.establishRoute(MainClientExec.java:393)
	at org.apache.http.impl.execchain.MainClientExec.execute(MainClientExec.java:236)
	at org.apache.http.impl.execchain.ProtocolExec.execute(ProtocolExec.java:186)
	at org.apache.http.impl.execchain.RetryExec.execute(RetryExec.java:89)
	at org.apache.http.impl.execchain.RedirectExec.execute(RedirectExec.java:110)
	at org.apache.http.impl.client.InternalHttpClient.doExecute(InternalHttpClient.java:185)
	at org.apache.http.impl.client.CloseableHttpClient.execute(CloseableHttpClient.java:83)
	at org.apache.http.impl.client.CloseableHttpClient.execute(CloseableHttpClient.java:56)
	at org.springframework.http.client.HttpComponentsClientHttpRequest.executeInternal(HttpComponentsClientHttpRequest.java:87)
	at org.springframework.http.client.AbstractBufferingClientHttpRequest.executeInternal(AbstractBufferingClientHttpRequest.java:48)
	at org.springframework.http.client.AbstractClientHttpRequest.execute(AbstractClientHttpRequest.java:66)
	at org.springframework.web.client.RestTemplate.doExecute(RestTemplate.java:776)
	... 22 more
Caused by: java.net.ConnectException: Connection refused: connect
	at java.base/sun.nio.ch.Net.connect0(Native Method)
	at java.base/sun.nio.ch.Net.connect(Net.java:579)
	at java.base/sun.nio.ch.Net.connect(Net.java:568)
	at java.base/sun.nio.ch.NioSocketImpl.connect(NioSocketImpl.java:588)
	at java.base/java.net.SocksSocketImpl.connect(SocksSocketImpl.java:327)
	at java.base/java.net.Socket.connect(Socket.java:633)
	at org.apache.http.conn.socket.PlainConnectionSocketFactory.connectSocket(PlainConnectionSocketFactory.java:75)
	at org.apache.http.impl.conn.DefaultHttpClientConnectionOperator.connect(DefaultHttpClientConnectionOperator.java:142)
	... 35 more

09-05-2024 17:08:01.0629|INFO |Unregistering application ADMINISTRATION-SERVICE with eureka with status DOWN
09-05-2024 17:08:01.0630|INFO |Saw local status change event StatusChangeEvent [timestamp=1715267281630, current=DOWN, previous=UP]
09-05-2024 17:08:01.0630|INFO |DiscoveryClient_ADMINISTRATION-SERVICE/DESKTOP-QC9TBH3.mshome.net:administration-service:8060: registering service...
09-05-2024 17:08:01.0637|INFO |Starting Completed ...
09-05-2024 17:08:01.0645|INFO |Request execution error. endpoint=DefaultEndpoint{ serviceUrl='http://127.0.0.1:8761/eureka/}, exception=I/O error on POST request for "http://127.0.0.1:8761/eureka/apps/ADMINISTRATION-SERVICE": Connect to 127.0.0.1:8761 [/127.0.0.1] failed: Connection refused: connect; nested exception is org.apache.http.conn.HttpHostConnectException: Connect to 127.0.0.1:8761 [/127.0.0.1] failed: Connection refused: connect stacktrace=org.springframework.web.client.ResourceAccessException: I/O error on POST request for "http://127.0.0.1:8761/eureka/apps/ADMINISTRATION-SERVICE": Connect to 127.0.0.1:8761 [/127.0.0.1] failed: Connection refused: connect; nested exception is org.apache.http.conn.HttpHostConnectException: Connect to 127.0.0.1:8761 [/127.0.0.1] failed: Connection refused: connect
	at org.springframework.web.client.RestTemplate.doExecute(RestTemplate.java:785)
	at org.springframework.web.client.RestTemplate.execute(RestTemplate.java:711)
	at org.springframework.web.client.RestTemplate.exchange(RestTemplate.java:602)
	at org.springframework.cloud.netflix.eureka.http.RestTemplateEurekaHttpClient.register(RestTemplateEurekaHttpClient.java:77)
	at com.netflix.discovery.shared.transport.decorator.EurekaHttpClientDecorator$1.execute(EurekaHttpClientDecorator.java:59)
	at com.netflix.discovery.shared.transport.decorator.RedirectingEurekaHttpClient.executeOnNewServer(RedirectingEurekaHttpClient.java:121)
	at com.netflix.discovery.shared.transport.decorator.RedirectingEurekaHttpClient.execute(RedirectingEurekaHttpClient.java:80)
	at com.netflix.discovery.shared.transport.decorator.EurekaHttpClientDecorator.register(EurekaHttpClientDecorator.java:56)
	at com.netflix.discovery.shared.transport.decorator.EurekaHttpClientDecorator$1.execute(EurekaHttpClientDecorator.java:59)
	at com.netflix.discovery.shared.transport.decorator.RetryableEurekaHttpClient.execute(RetryableEurekaHttpClient.java:120)
	at com.netflix.discovery.shared.transport.decorator.EurekaHttpClientDecorator.register(EurekaHttpClientDecorator.java:56)
	at com.netflix.discovery.shared.transport.decorator.EurekaHttpClientDecorator$1.execute(EurekaHttpClientDecorator.java:59)
	at com.netflix.discovery.shared.transport.decorator.SessionedEurekaHttpClient.execute(SessionedEurekaHttpClient.java:77)
	at com.netflix.discovery.shared.transport.decorator.EurekaHttpClientDecorator.register(EurekaHttpClientDecorator.java:56)
	at com.netflix.discovery.DiscoveryClient.register(DiscoveryClient.java:876)
	at com.netflix.discovery.InstanceInfoReplicator.run(InstanceInfoReplicator.java:121)
	at com.netflix.discovery.InstanceInfoReplicator$1.run(InstanceInfoReplicator.java:101)
	at java.base/java.util.concurrent.Executors$RunnableAdapter.call(Executors.java:539)
	at java.base/java.util.concurrent.FutureTask.run(FutureTask.java:264)
	at java.base/java.util.concurrent.ScheduledThreadPoolExecutor$ScheduledFutureTask.run(ScheduledThreadPoolExecutor.java:304)
	at java.base/java.util.concurrent.ThreadPoolExecutor.runWorker(ThreadPoolExecutor.java:1136)
	at java.base/java.util.concurrent.ThreadPoolExecutor$Worker.run(ThreadPoolExecutor.java:635)
	at java.base/java.lang.Thread.run(Thread.java:833)
Caused by: org.apache.http.conn.HttpHostConnectException: Connect to 127.0.0.1:8761 [/127.0.0.1] failed: Connection refused: connect
	at org.apache.http.impl.conn.DefaultHttpClientConnectionOperator.connect(DefaultHttpClientConnectionOperator.java:156)
	at org.apache.http.impl.conn.PoolingHttpClientConnectionManager.connect(PoolingHttpClientConnectionManager.java:376)
	at org.apache.http.impl.execchain.MainClientExec.establishRoute(MainClientExec.java:393)
	at org.apache.http.impl.execchain.MainClientExec.execute(MainClientExec.java:236)
	at org.apache.http.impl.execchain.ProtocolExec.execute(ProtocolExec.java:186)
	at org.apache.http.impl.execchain.RetryExec.execute(RetryExec.java:89)
	at org.apache.http.impl.execchain.RedirectExec.execute(RedirectExec.java:110)
	at org.apache.http.impl.client.InternalHttpClient.doExecute(InternalHttpClient.java:185)
	at org.apache.http.impl.client.CloseableHttpClient.execute(CloseableHttpClient.java:83)
	at org.apache.http.impl.client.CloseableHttpClient.execute(CloseableHttpClient.java:56)
	at org.springframework.http.client.HttpComponentsClientHttpRequest.executeInternal(HttpComponentsClientHttpRequest.java:87)
	at org.springframework.http.client.AbstractBufferingClientHttpRequest.executeInternal(AbstractBufferingClientHttpRequest.java:48)
	at org.springframework.http.client.AbstractClientHttpRequest.execute(AbstractClientHttpRequest.java:66)
	at org.springframework.web.client.RestTemplate.doExecute(RestTemplate.java:776)
	... 22 more
Caused by: java.net.ConnectException: Connection refused: connect
	at java.base/sun.nio.ch.Net.connect0(Native Method)
	at java.base/sun.nio.ch.Net.connect(Net.java:579)
	at java.base/sun.nio.ch.Net.connect(Net.java:568)
	at java.base/sun.nio.ch.NioSocketImpl.connect(NioSocketImpl.java:588)
	at java.base/java.net.SocksSocketImpl.connect(SocksSocketImpl.java:327)
	at java.base/java.net.Socket.connect(Socket.java:633)
	at org.apache.http.conn.socket.PlainConnectionSocketFactory.connectSocket(PlainConnectionSocketFactory.java:75)
	at org.apache.http.impl.conn.DefaultHttpClientConnectionOperator.connect(DefaultHttpClientConnectionOperator.java:142)
	... 35 more

09-05-2024 17:08:01.0676|INFO |Closing JPA EntityManagerFactory for persistence unit 'default'
09-05-2024 17:08:01.0682|INFO |HikariPool-1 - Shutdown initiated...
09-05-2024 17:08:01.0685|INFO |HikariPool-1 - Shutdown completed.
09-05-2024 17:08:01.0688|INFO |Shutting down DiscoveryClient ...
09-05-2024 17:08:04.0694|INFO |Unregistering ...
09-05-2024 17:08:04.0702|INFO |Request execution error. endpoint=DefaultEndpoint{ serviceUrl='http://127.0.0.1:8761/eureka/}, exception=I/O error on DELETE request for "http://127.0.0.1:8761/eureka/apps/ADMINISTRATION-SERVICE/DESKTOP-QC9TBH3.mshome.net:administration-service:8060": Connect to 127.0.0.1:8761 [/127.0.0.1] failed: Connection refused: connect; nested exception is org.apache.http.conn.HttpHostConnectException: Connect to 127.0.0.1:8761 [/127.0.0.1] failed: Connection refused: connect stacktrace=org.springframework.web.client.ResourceAccessException: I/O error on DELETE request for "http://127.0.0.1:8761/eureka/apps/ADMINISTRATION-SERVICE/DESKTOP-QC9TBH3.mshome.net:administration-service:8060": Connect to 127.0.0.1:8761 [/127.0.0.1] failed: Connection refused: connect; nested exception is org.apache.http.conn.HttpHostConnectException: Connect to 127.0.0.1:8761 [/127.0.0.1] failed: Connection refused: connect
	at org.springframework.web.client.RestTemplate.doExecute(RestTemplate.java:785)
	at org.springframework.web.client.RestTemplate.execute(RestTemplate.java:711)
	at org.springframework.web.client.RestTemplate.exchange(RestTemplate.java:602)
	at org.springframework.cloud.netflix.eureka.http.RestTemplateEurekaHttpClient.cancel(RestTemplateEurekaHttpClient.java:87)
	at com.netflix.discovery.shared.transport.decorator.EurekaHttpClientDecorator$2.execute(EurekaHttpClientDecorator.java:74)
	at com.netflix.discovery.shared.transport.decorator.RedirectingEurekaHttpClient.executeOnNewServer(RedirectingEurekaHttpClient.java:121)
	at com.netflix.discovery.shared.transport.decorator.RedirectingEurekaHttpClient.execute(RedirectingEurekaHttpClient.java:80)
	at com.netflix.discovery.shared.transport.decorator.EurekaHttpClientDecorator.cancel(EurekaHttpClientDecorator.java:71)
	at com.netflix.discovery.shared.transport.decorator.EurekaHttpClientDecorator$2.execute(EurekaHttpClientDecorator.java:74)
	at com.netflix.discovery.shared.transport.decorator.RetryableEurekaHttpClient.execute(RetryableEurekaHttpClient.java:120)
	at com.netflix.discovery.shared.transport.decorator.EurekaHttpClientDecorator.cancel(EurekaHttpClientDecorator.java:71)
	at com.netflix.discovery.shared.transport.decorator.EurekaHttpClientDecorator$2.execute(EurekaHttpClientDecorator.java:74)
	at com.netflix.discovery.shared.transport.decorator.SessionedEurekaHttpClient.execute(SessionedEurekaHttpClient.java:77)
	at com.netflix.discovery.shared.transport.decorator.EurekaHttpClientDecorator.cancel(EurekaHttpClientDecorator.java:71)
	at com.netflix.discovery.DiscoveryClient.unregister(DiscoveryClient.java:972)
	at com.netflix.discovery.DiscoveryClient.shutdown(DiscoveryClient.java:948)
	at java.base/jdk.internal.reflect.NativeMethodAccessorImpl.invoke0(Native Method)
	at java.base/jdk.internal.reflect.NativeMethodAccessorImpl.invoke(NativeMethodAccessorImpl.java:77)
	at java.base/jdk.internal.reflect.DelegatingMethodAccessorImpl.invoke(DelegatingMethodAccessorImpl.java:43)
	at java.base/java.lang.reflect.Method.invoke(Method.java:568)
	at org.springframework.beans.factory.annotation.InitDestroyAnnotationBeanPostProcessor$LifecycleElement.invoke(InitDestroyAnnotationBeanPostProcessor.java:389)
	at org.springframework.beans.factory.annotation.InitDestroyAnnotationBeanPostProcessor$LifecycleMetadata.invokeDestroyMethods(InitDestroyAnnotationBeanPostProcessor.java:347)
	at org.springframework.beans.factory.annotation.InitDestroyAnnotationBeanPostProcessor.postProcessBeforeDestruction(InitDestroyAnnotationBeanPostProcessor.java:177)
	at org.springframework.beans.factory.support.DisposableBeanAdapter.destroy(DisposableBeanAdapter.java:197)
	at org.springframework.beans.factory.support.DisposableBeanAdapter.run(DisposableBeanAdapter.java:190)
	at org.springframework.cloud.context.scope.GenericScope$BeanLifecycleWrapper.destroy(GenericScope.java:390)
	at org.springframework.cloud.context.scope.GenericScope.destroy(GenericScope.java:136)
	at org.springframework.beans.factory.support.DisposableBeanAdapter.destroy(DisposableBeanAdapter.java:213)
	at org.springframework.beans.factory.support.DefaultSingletonBeanRegistry.destroyBean(DefaultSingletonBeanRegistry.java:587)
	at org.springframework.beans.factory.support.DefaultSingletonBeanRegistry.destroySingleton(DefaultSingletonBeanRegistry.java:559)
	at org.springframework.beans.factory.support.DefaultListableBeanFactory.destroySingleton(DefaultListableBeanFactory.java:1163)
	at org.springframework.beans.factory.support.DefaultSingletonBeanRegistry.destroySingletons(DefaultSingletonBeanRegistry.java:520)
	at org.springframework.beans.factory.support.DefaultListableBeanFactory.destroySingletons(DefaultListableBeanFactory.java:1156)
	at org.springframework.context.support.AbstractApplicationContext.destroyBeans(AbstractApplicationContext.java:1106)
	at org.springframework.context.support.AbstractApplicationContext.doClose(AbstractApplicationContext.java:1075)
	at org.springframework.boot.web.servlet.context.ServletWebServerApplicationContext.doClose(ServletWebServerApplicationContext.java:174)
	at org.springframework.context.support.AbstractApplicationContext.close(AbstractApplicationContext.java:1021)
	at org.springframework.boot.SpringApplicationShutdownHook.closeAndWait(SpringApplicationShutdownHook.java:145)
	at java.base/java.lang.Iterable.forEach(Iterable.java:75)
	at org.springframework.boot.SpringApplicationShutdownHook.run(SpringApplicationShutdownHook.java:114)
	at java.base/java.lang.Thread.run(Thread.java:833)
Caused by: org.apache.http.conn.HttpHostConnectException: Connect to 127.0.0.1:8761 [/127.0.0.1] failed: Connection refused: connect
	at org.apache.http.impl.conn.DefaultHttpClientConnectionOperator.connect(DefaultHttpClientConnectionOperator.java:156)
	at org.apache.http.impl.conn.PoolingHttpClientConnectionManager.connect(PoolingHttpClientConnectionManager.java:376)
	at org.apache.http.impl.execchain.MainClientExec.establishRoute(MainClientExec.java:393)
	at org.apache.http.impl.execchain.MainClientExec.execute(MainClientExec.java:236)
	at org.apache.http.impl.execchain.ProtocolExec.execute(ProtocolExec.java:186)
	at org.apache.http.impl.execchain.RetryExec.execute(RetryExec.java:89)
	at org.apache.http.impl.execchain.RedirectExec.execute(RedirectExec.java:110)
	at org.apache.http.impl.client.InternalHttpClient.doExecute(InternalHttpClient.java:185)
	at org.apache.http.impl.client.CloseableHttpClient.execute(CloseableHttpClient.java:83)
	at org.apache.http.impl.client.CloseableHttpClient.execute(CloseableHttpClient.java:56)
	at org.springframework.http.client.HttpComponentsClientHttpRequest.executeInternal(HttpComponentsClientHttpRequest.java:87)
	at org.springframework.http.client.AbstractBufferingClientHttpRequest.executeInternal(AbstractBufferingClientHttpRequest.java:48)
	at org.springframework.http.client.AbstractClientHttpRequest.execute(AbstractClientHttpRequest.java:66)
	at org.springframework.web.client.RestTemplate.doExecute(RestTemplate.java:776)
	... 40 more
Caused by: java.net.ConnectException: Connection refused: connect
	at java.base/sun.nio.ch.Net.connect0(Native Method)
	at java.base/sun.nio.ch.Net.connect(Net.java:579)
	at java.base/sun.nio.ch.Net.connect(Net.java:568)
	at java.base/sun.nio.ch.NioSocketImpl.connect(NioSocketImpl.java:588)
	at java.base/java.net.SocksSocketImpl.connect(SocksSocketImpl.java:327)
	at java.base/java.net.Socket.connect(Socket.java:633)
	at org.apache.http.conn.socket.PlainConnectionSocketFactory.connectSocket(PlainConnectionSocketFactory.java:75)
	at org.apache.http.impl.conn.DefaultHttpClientConnectionOperator.connect(DefaultHttpClientConnectionOperator.java:142)
	... 53 more

09-05-2024 17:08:04.0708|INFO |Completed shut down of DiscoveryClient
09-05-2024 17:09:08.0601|INFO |The Class-Path manifest attribute in C:\Users\Ih3b\.m2\repository\org\glassfish\ha\ha-api\3.1.9\ha-api-3.1.9.jar referenced one or more files that do not exist: file:/C:/Users/Ih3b/.m2/repository/org/glassfish/ha/ha-api/3.1.9/hk2-core.jar,file:/C:/Users/Ih3b/.m2/repository/org/glassfish/ha/ha-api/3.1.9/class-model.jar,file:/C:/Users/Ih3b/.m2/repository/org/glassfish/ha/ha-api/3.1.9/config.jar,file:/C:/Users/Ih3b/.m2/repository/org/glassfish/ha/ha-api/3.1.9/auto-depends.jar,file:/C:/Users/Ih3b/.m2/repository/org/glassfish/ha/ha-api/3.1.9/javax.inject.jar,file:/C:/Users/Ih3b/.m2/repository/org/glassfish/ha/ha-api/3.1.9/asm-all-repackaged.jar,file:/C:/Users/Ih3b/.m2/repository/org/glassfish/ha/ha-api/3.1.9/hk2-api.jar,file:/C:/Users/Ih3b/.m2/repository/org/glassfish/ha/ha-api/3.1.9/osgi-resource-locator.jar,file:/C:/Users/Ih3b/.m2/repository/org/glassfish/ha/ha-api/3.1.9/tiger-types.jar,file:/C:/Users/Ih3b/.m2/repository/org/glassfish/ha/ha-api/3.1.9/bean-validator.jar,file:/C:/Users/Ih3b/.m2/repository/org/glassfish/ha/ha-api/3.1.9/jtype.jar
09-05-2024 17:09:08.0604|INFO |Devtools property defaults active! Set 'spring.devtools.add-properties' to 'false' to disable
09-05-2024 17:09:08.0604|INFO |For additional web related logging consider setting the 'logging.level.web' property to 'DEBUG'
09-05-2024 17:09:10.0151|INFO |Bootstrapping Spring Data JPA repositories in DEFAULT mode.
09-05-2024 17:09:10.0448|INFO |Finished Spring Data repository scanning in 285 ms. Found 14 JPA repository interfaces.
09-05-2024 17:09:10.0992|INFO |BeanFactory id=5ccaec49-1bf5-3a6d-a686-a54a50d1a609
09-05-2024 17:09:11.0933|INFO |Tomcat initialized with port(s): 8060 (http)
09-05-2024 17:09:11.0950|INFO |Starting service [Tomcat]
09-05-2024 17:09:11.0951|INFO |Starting Servlet engine: [Apache Tomcat/9.0.65]
09-05-2024 17:09:12.0162|INFO |Initializing Spring embedded WebApplicationContext
09-05-2024 17:09:12.0162|INFO |Root WebApplicationContext: initialization completed in 3558 ms
09-05-2024 17:09:12.0544|INFO |HHH000204: Processing PersistenceUnitInfo [name: default]
09-05-2024 17:09:12.0655|INFO |HHH000412: Hibernate ORM core version 5.6.11.Final
09-05-2024 17:09:12.0934|INFO |HCANN000001: Hibernate Commons Annotations {5.1.2.Final}
09-05-2024 17:09:13.0128|INFO |HHH000400: Using dialect: org.hibernate.dialect.PostgreSQLDialect
09-05-2024 17:09:14.0286|INFO |HikariPool-1 - Starting...
09-05-2024 17:09:14.0510|INFO |HikariPool-1 - Start completed.
09-05-2024 17:09:14.0771|INFO |HHH000490: Using JtaPlatform implementation: [org.hibernate.engine.transaction.jta.platform.internal.NoJtaPlatform]
09-05-2024 17:09:14.0783|INFO |Initialized JPA EntityManagerFactory for persistence unit 'default'
09-05-2024 17:09:17.0649|INFO |Eureka HTTP Client uses RestTemplate.
09-05-2024 17:09:17.0778|INFO |Exposing 1 endpoint(s) beneath base path '/actuator'
09-05-2024 17:09:17.0831|INFO |Setting initial instance status as: STARTING
09-05-2024 17:09:17.0897|INFO |Initializing Eureka in region us-east-1
09-05-2024 17:09:17.0905|INFO |Resolving eureka endpoints via configuration
09-05-2024 17:09:17.0947|INFO |Disable delta property : false
09-05-2024 17:09:17.0947|INFO |Single vip registry refresh property : null
09-05-2024 17:09:17.0947|INFO |Force full registry fetch : false
09-05-2024 17:09:17.0947|INFO |Application is null : false
09-05-2024 17:09:17.0948|INFO |Registered Applications size is zero : true
09-05-2024 17:09:17.0948|INFO |Application version is -1: true
09-05-2024 17:09:17.0948|INFO |Getting all instance registry info from the eureka server
09-05-2024 17:09:18.0410|INFO |The response status is 200
09-05-2024 17:09:18.0413|INFO |Starting heartbeat executor: renew interval is: 30
09-05-2024 17:09:18.0416|INFO |InstanceInfoReplicator onDemand update allowed rate per min is 4
09-05-2024 17:09:18.0422|INFO |Discovery Client initialized at timestamp 1715267358421 with initial instances count: 0
09-05-2024 17:09:18.0423|INFO |Registering application ADMINISTRATION-SERVICE with eureka with status UP
09-05-2024 17:09:18.0424|INFO |Saw local status change event StatusChangeEvent [timestamp=1715267358424, current=UP, previous=STARTING]
09-05-2024 17:09:18.0426|INFO |DiscoveryClient_ADMINISTRATION-SERVICE/DESKTOP-QC9TBH3.mshome.net:administration-service:8060: registering service...
09-05-2024 17:09:18.0459|INFO |Tomcat started on port(s): 8060 (http) with context path ''
09-05-2024 17:09:18.0460|INFO |Updating port to 8060
09-05-2024 17:09:18.0480|INFO |DiscoveryClient_ADMINISTRATION-SERVICE/DESKTOP-QC9TBH3.mshome.net:administration-service:8060 - registration status: 204
09-05-2024 17:09:18.0645|INFO |Starting Completed ...
09-05-2024 17:09:48.0420|INFO |Disable delta property : false
09-05-2024 17:09:48.0421|INFO |Single vip registry refresh property : null
09-05-2024 17:09:48.0421|INFO |Force full registry fetch : false
09-05-2024 17:09:48.0421|INFO |Application is null : false
09-05-2024 17:09:48.0421|INFO |Registered Applications size is zero : true
09-05-2024 17:09:48.0421|INFO |Application version is -1: false
09-05-2024 17:09:48.0421|INFO |Getting all instance registry info from the eureka server
09-05-2024 17:09:48.0430|INFO |The response status is 200
09-05-2024 17:12:19.0365|INFO |Initializing Spring DispatcherServlet 'dispatcherServlet'
09-05-2024 17:12:19.0365|INFO |Initializing Servlet 'dispatcherServlet'
09-05-2024 17:12:19.0367|INFO |Completed initialization in 2 ms
09-05-2024 17:12:20.0056|INFO |Init duration for springdoc-openapi is: 614 ms
09-05-2024 17:13:44.0021|INFO |Init duration for springdoc-openapi is: 216 ms
09-05-2024 17:14:17.0953|INFO |Resolving eureka endpoints via configuration
09-05-2024 17:16:11.0996|INFO |Unregistering application ADMINISTRATION-SERVICE with eureka with status DOWN
09-05-2024 17:16:11.0997|INFO |Saw local status change event StatusChangeEvent [timestamp=1715267771997, current=DOWN, previous=UP]
09-05-2024 17:16:11.0997|INFO |DiscoveryClient_ADMINISTRATION-SERVICE/DESKTOP-QC9TBH3.mshome.net:administration-service:8060: registering service...
09-05-2024 17:16:12.0001|INFO |DiscoveryClient_ADMINISTRATION-SERVICE/DESKTOP-QC9TBH3.mshome.net:administration-service:8060 - registration status: 204
09-05-2024 17:16:12.0036|INFO |Closing JPA EntityManagerFactory for persistence unit 'default'
09-05-2024 17:16:12.0042|INFO |HikariPool-1 - Shutdown initiated...
09-05-2024 17:16:12.0045|INFO |HikariPool-1 - Shutdown completed.
09-05-2024 17:16:12.0047|INFO |Shutting down DiscoveryClient ...
09-05-2024 17:16:15.0055|INFO |Unregistering ...
09-05-2024 17:16:15.0060|INFO |Request execution error. endpoint=DefaultEndpoint{ serviceUrl='http://127.0.0.1:8761/eureka/} exception=I/O error on DELETE request for "http://127.0.0.1:8761/eureka/apps/ADMINISTRATION-SERVICE/DESKTOP-QC9TBH3.mshome.net:administration-service:8060": Connect to 127.0.0.1:8761 [/127.0.0.1] failed: Connection refused: connect; nested exception is org.apache.http.conn.HttpHostConnectException: Connect to 127.0.0.1:8761 [/127.0.0.1] failed: Connection refused: connect stacktrace=org.springframework.web.client.ResourceAccessException: I/O error on DELETE request for "http://127.0.0.1:8761/eureka/apps/ADMINISTRATION-SERVICE/DESKTOP-QC9TBH3.mshome.net:administration-service:8060": Connect to 127.0.0.1:8761 [/127.0.0.1] failed: Connection refused: connect; nested exception is org.apache.http.conn.HttpHostConnectException: Connect to 127.0.0.1:8761 [/127.0.0.1] failed: Connection refused: connect
	at org.springframework.web.client.RestTemplate.doExecute(RestTemplate.java:785)
	at org.springframework.web.client.RestTemplate.execute(RestTemplate.java:711)
	at org.springframework.web.client.RestTemplate.exchange(RestTemplate.java:602)
	at org.springframework.cloud.netflix.eureka.http.RestTemplateEurekaHttpClient.cancel(RestTemplateEurekaHttpClient.java:87)
	at com.netflix.discovery.shared.transport.decorator.EurekaHttpClientDecorator$2.execute(EurekaHttpClientDecorator.java:74)
	at com.netflix.discovery.shared.transport.decorator.RedirectingEurekaHttpClient.execute(RedirectingEurekaHttpClient.java:91)
	at com.netflix.discovery.shared.transport.decorator.EurekaHttpClientDecorator.cancel(EurekaHttpClientDecorator.java:71)
	at com.netflix.discovery.shared.transport.decorator.EurekaHttpClientDecorator$2.execute(EurekaHttpClientDecorator.java:74)
	at com.netflix.discovery.shared.transport.decorator.RetryableEurekaHttpClient.execute(RetryableEurekaHttpClient.java:120)
	at com.netflix.discovery.shared.transport.decorator.EurekaHttpClientDecorator.cancel(EurekaHttpClientDecorator.java:71)
	at com.netflix.discovery.shared.transport.decorator.EurekaHttpClientDecorator$2.execute(EurekaHttpClientDecorator.java:74)
	at com.netflix.discovery.shared.transport.decorator.SessionedEurekaHttpClient.execute(SessionedEurekaHttpClient.java:77)
	at com.netflix.discovery.shared.transport.decorator.EurekaHttpClientDecorator.cancel(EurekaHttpClientDecorator.java:71)
	at com.netflix.discovery.DiscoveryClient.unregister(DiscoveryClient.java:972)
	at com.netflix.discovery.DiscoveryClient.shutdown(DiscoveryClient.java:948)
	at java.base/jdk.internal.reflect.NativeMethodAccessorImpl.invoke0(Native Method)
	at java.base/jdk.internal.reflect.NativeMethodAccessorImpl.invoke(NativeMethodAccessorImpl.java:77)
	at java.base/jdk.internal.reflect.DelegatingMethodAccessorImpl.invoke(DelegatingMethodAccessorImpl.java:43)
	at java.base/java.lang.reflect.Method.invoke(Method.java:568)
	at org.springframework.beans.factory.annotation.InitDestroyAnnotationBeanPostProcessor$LifecycleElement.invoke(InitDestroyAnnotationBeanPostProcessor.java:389)
	at org.springframework.beans.factory.annotation.InitDestroyAnnotationBeanPostProcessor$LifecycleMetadata.invokeDestroyMethods(InitDestroyAnnotationBeanPostProcessor.java:347)
	at org.springframework.beans.factory.annotation.InitDestroyAnnotationBeanPostProcessor.postProcessBeforeDestruction(InitDestroyAnnotationBeanPostProcessor.java:177)
	at org.springframework.beans.factory.support.DisposableBeanAdapter.destroy(DisposableBeanAdapter.java:197)
	at org.springframework.beans.factory.support.DisposableBeanAdapter.run(DisposableBeanAdapter.java:190)
	at org.springframework.cloud.context.scope.GenericScope$BeanLifecycleWrapper.destroy(GenericScope.java:390)
	at org.springframework.cloud.context.scope.GenericScope.destroy(GenericScope.java:136)
	at org.springframework.beans.factory.support.DisposableBeanAdapter.destroy(DisposableBeanAdapter.java:213)
	at org.springframework.beans.factory.support.DefaultSingletonBeanRegistry.destroyBean(DefaultSingletonBeanRegistry.java:587)
	at org.springframework.beans.factory.support.DefaultSingletonBeanRegistry.destroySingleton(DefaultSingletonBeanRegistry.java:559)
	at org.springframework.beans.factory.support.DefaultListableBeanFactory.destroySingleton(DefaultListableBeanFactory.java:1163)
	at org.springframework.beans.factory.support.DefaultSingletonBeanRegistry.destroySingletons(DefaultSingletonBeanRegistry.java:520)
	at org.springframework.beans.factory.support.DefaultListableBeanFactory.destroySingletons(DefaultListableBeanFactory.java:1156)
	at org.springframework.context.support.AbstractApplicationContext.destroyBeans(AbstractApplicationContext.java:1106)
	at org.springframework.context.support.AbstractApplicationContext.doClose(AbstractApplicationContext.java:1075)
	at org.springframework.boot.web.servlet.context.ServletWebServerApplicationContext.doClose(ServletWebServerApplicationContext.java:174)
	at org.springframework.context.support.AbstractApplicationContext.close(AbstractApplicationContext.java:1021)
	at org.springframework.boot.SpringApplicationShutdownHook.closeAndWait(SpringApplicationShutdownHook.java:145)
	at java.base/java.lang.Iterable.forEach(Iterable.java:75)
	at org.springframework.boot.SpringApplicationShutdownHook.run(SpringApplicationShutdownHook.java:114)
	at java.base/java.lang.Thread.run(Thread.java:833)
Caused by: org.apache.http.conn.HttpHostConnectException: Connect to 127.0.0.1:8761 [/127.0.0.1] failed: Connection refused: connect
	at org.apache.http.impl.conn.DefaultHttpClientConnectionOperator.connect(DefaultHttpClientConnectionOperator.java:156)
	at org.apache.http.impl.conn.PoolingHttpClientConnectionManager.connect(PoolingHttpClientConnectionManager.java:376)
	at org.apache.http.impl.execchain.MainClientExec.establishRoute(MainClientExec.java:393)
	at org.apache.http.impl.execchain.MainClientExec.execute(MainClientExec.java:236)
	at org.apache.http.impl.execchain.ProtocolExec.execute(ProtocolExec.java:186)
	at org.apache.http.impl.execchain.RetryExec.execute(RetryExec.java:89)
	at org.apache.http.impl.execchain.RedirectExec.execute(RedirectExec.java:110)
	at org.apache.http.impl.client.InternalHttpClient.doExecute(InternalHttpClient.java:185)
	at org.apache.http.impl.client.CloseableHttpClient.execute(CloseableHttpClient.java:83)
	at org.apache.http.impl.client.CloseableHttpClient.execute(CloseableHttpClient.java:56)
	at org.springframework.http.client.HttpComponentsClientHttpRequest.executeInternal(HttpComponentsClientHttpRequest.java:87)
	at org.springframework.http.client.AbstractBufferingClientHttpRequest.executeInternal(AbstractBufferingClientHttpRequest.java:48)
	at org.springframework.http.client.AbstractClientHttpRequest.execute(AbstractClientHttpRequest.java:66)
	at org.springframework.web.client.RestTemplate.doExecute(RestTemplate.java:776)
	... 39 more
Caused by: java.net.ConnectException: Connection refused: connect
	at java.base/sun.nio.ch.Net.connect0(Native Method)
	at java.base/sun.nio.ch.Net.connect(Net.java:579)
	at java.base/sun.nio.ch.Net.connect(Net.java:568)
	at java.base/sun.nio.ch.NioSocketImpl.connect(NioSocketImpl.java:588)
	at java.base/java.net.SocksSocketImpl.connect(SocksSocketImpl.java:327)
	at java.base/java.net.Socket.connect(Socket.java:633)
	at org.apache.http.conn.socket.PlainConnectionSocketFactory.connectSocket(PlainConnectionSocketFactory.java:75)
	at org.apache.http.impl.conn.DefaultHttpClientConnectionOperator.connect(DefaultHttpClientConnectionOperator.java:142)
	... 52 more

09-05-2024 17:16:15.0066|INFO |Request execution error. endpoint=DefaultEndpoint{ serviceUrl='http://127.0.0.1:8761/eureka/}, exception=I/O error on DELETE request for "http://127.0.0.1:8761/eureka/apps/ADMINISTRATION-SERVICE/DESKTOP-QC9TBH3.mshome.net:administration-service:8060": Connect to 127.0.0.1:8761 [/127.0.0.1] failed: Connection refused: connect; nested exception is org.apache.http.conn.HttpHostConnectException: Connect to 127.0.0.1:8761 [/127.0.0.1] failed: Connection refused: connect stacktrace=org.springframework.web.client.ResourceAccessException: I/O error on DELETE request for "http://127.0.0.1:8761/eureka/apps/ADMINISTRATION-SERVICE/DESKTOP-QC9TBH3.mshome.net:administration-service:8060": Connect to 127.0.0.1:8761 [/127.0.0.1] failed: Connection refused: connect; nested exception is org.apache.http.conn.HttpHostConnectException: Connect to 127.0.0.1:8761 [/127.0.0.1] failed: Connection refused: connect
	at org.springframework.web.client.RestTemplate.doExecute(RestTemplate.java:785)
	at org.springframework.web.client.RestTemplate.execute(RestTemplate.java:711)
	at org.springframework.web.client.RestTemplate.exchange(RestTemplate.java:602)
	at org.springframework.cloud.netflix.eureka.http.RestTemplateEurekaHttpClient.cancel(RestTemplateEurekaHttpClient.java:87)
	at com.netflix.discovery.shared.transport.decorator.EurekaHttpClientDecorator$2.execute(EurekaHttpClientDecorator.java:74)
	at com.netflix.discovery.shared.transport.decorator.RedirectingEurekaHttpClient.executeOnNewServer(RedirectingEurekaHttpClient.java:121)
	at com.netflix.discovery.shared.transport.decorator.RedirectingEurekaHttpClient.execute(RedirectingEurekaHttpClient.java:80)
	at com.netflix.discovery.shared.transport.decorator.EurekaHttpClientDecorator.cancel(EurekaHttpClientDecorator.java:71)
	at com.netflix.discovery.shared.transport.decorator.EurekaHttpClientDecorator$2.execute(EurekaHttpClientDecorator.java:74)
	at com.netflix.discovery.shared.transport.decorator.RetryableEurekaHttpClient.execute(RetryableEurekaHttpClient.java:120)
	at com.netflix.discovery.shared.transport.decorator.EurekaHttpClientDecorator.cancel(EurekaHttpClientDecorator.java:71)
	at com.netflix.discovery.shared.transport.decorator.EurekaHttpClientDecorator$2.execute(EurekaHttpClientDecorator.java:74)
	at com.netflix.discovery.shared.transport.decorator.SessionedEurekaHttpClient.execute(SessionedEurekaHttpClient.java:77)
	at com.netflix.discovery.shared.transport.decorator.EurekaHttpClientDecorator.cancel(EurekaHttpClientDecorator.java:71)
	at com.netflix.discovery.DiscoveryClient.unregister(DiscoveryClient.java:972)
	at com.netflix.discovery.DiscoveryClient.shutdown(DiscoveryClient.java:948)
	at java.base/jdk.internal.reflect.NativeMethodAccessorImpl.invoke0(Native Method)
	at java.base/jdk.internal.reflect.NativeMethodAccessorImpl.invoke(NativeMethodAccessorImpl.java:77)
	at java.base/jdk.internal.reflect.DelegatingMethodAccessorImpl.invoke(DelegatingMethodAccessorImpl.java:43)
	at java.base/java.lang.reflect.Method.invoke(Method.java:568)
	at org.springframework.beans.factory.annotation.InitDestroyAnnotationBeanPostProcessor$LifecycleElement.invoke(InitDestroyAnnotationBeanPostProcessor.java:389)
	at org.springframework.beans.factory.annotation.InitDestroyAnnotationBeanPostProcessor$LifecycleMetadata.invokeDestroyMethods(InitDestroyAnnotationBeanPostProcessor.java:347)
	at org.springframework.beans.factory.annotation.InitDestroyAnnotationBeanPostProcessor.postProcessBeforeDestruction(InitDestroyAnnotationBeanPostProcessor.java:177)
	at org.springframework.beans.factory.support.DisposableBeanAdapter.destroy(DisposableBeanAdapter.java:197)
	at org.springframework.beans.factory.support.DisposableBeanAdapter.run(DisposableBeanAdapter.java:190)
	at org.springframework.cloud.context.scope.GenericScope$BeanLifecycleWrapper.destroy(GenericScope.java:390)
	at org.springframework.cloud.context.scope.GenericScope.destroy(GenericScope.java:136)
	at org.springframework.beans.factory.support.DisposableBeanAdapter.destroy(DisposableBeanAdapter.java:213)
	at org.springframework.beans.factory.support.DefaultSingletonBeanRegistry.destroyBean(DefaultSingletonBeanRegistry.java:587)
	at org.springframework.beans.factory.support.DefaultSingletonBeanRegistry.destroySingleton(DefaultSingletonBeanRegistry.java:559)
	at org.springframework.beans.factory.support.DefaultListableBeanFactory.destroySingleton(DefaultListableBeanFactory.java:1163)
	at org.springframework.beans.factory.support.DefaultSingletonBeanRegistry.destroySingletons(DefaultSingletonBeanRegistry.java:520)
	at org.springframework.beans.factory.support.DefaultListableBeanFactory.destroySingletons(DefaultListableBeanFactory.java:1156)
	at org.springframework.context.support.AbstractApplicationContext.destroyBeans(AbstractApplicationContext.java:1106)
	at org.springframework.context.support.AbstractApplicationContext.doClose(AbstractApplicationContext.java:1075)
	at org.springframework.boot.web.servlet.context.ServletWebServerApplicationContext.doClose(ServletWebServerApplicationContext.java:174)
	at org.springframework.context.support.AbstractApplicationContext.close(AbstractApplicationContext.java:1021)
	at org.springframework.boot.SpringApplicationShutdownHook.closeAndWait(SpringApplicationShutdownHook.java:145)
	at java.base/java.lang.Iterable.forEach(Iterable.java:75)
	at org.springframework.boot.SpringApplicationShutdownHook.run(SpringApplicationShutdownHook.java:114)
	at java.base/java.lang.Thread.run(Thread.java:833)
Caused by: org.apache.http.conn.HttpHostConnectException: Connect to 127.0.0.1:8761 [/127.0.0.1] failed: Connection refused: connect
	at org.apache.http.impl.conn.DefaultHttpClientConnectionOperator.connect(DefaultHttpClientConnectionOperator.java:156)
	at org.apache.http.impl.conn.PoolingHttpClientConnectionManager.connect(PoolingHttpClientConnectionManager.java:376)
	at org.apache.http.impl.execchain.MainClientExec.establishRoute(MainClientExec.java:393)
	at org.apache.http.impl.execchain.MainClientExec.execute(MainClientExec.java:236)
	at org.apache.http.impl.execchain.ProtocolExec.execute(ProtocolExec.java:186)
	at org.apache.http.impl.execchain.RetryExec.execute(RetryExec.java:89)
	at org.apache.http.impl.execchain.RedirectExec.execute(RedirectExec.java:110)
	at org.apache.http.impl.client.InternalHttpClient.doExecute(InternalHttpClient.java:185)
	at org.apache.http.impl.client.CloseableHttpClient.execute(CloseableHttpClient.java:83)
	at org.apache.http.impl.client.CloseableHttpClient.execute(CloseableHttpClient.java:56)
	at org.springframework.http.client.HttpComponentsClientHttpRequest.executeInternal(HttpComponentsClientHttpRequest.java:87)
	at org.springframework.http.client.AbstractBufferingClientHttpRequest.executeInternal(AbstractBufferingClientHttpRequest.java:48)
	at org.springframework.http.client.AbstractClientHttpRequest.execute(AbstractClientHttpRequest.java:66)
	at org.springframework.web.client.RestTemplate.doExecute(RestTemplate.java:776)
	... 40 more
Caused by: java.net.ConnectException: Connection refused: connect
	at java.base/sun.nio.ch.Net.connect0(Native Method)
	at java.base/sun.nio.ch.Net.connect(Net.java:579)
	at java.base/sun.nio.ch.Net.connect(Net.java:568)
	at java.base/sun.nio.ch.NioSocketImpl.connect(NioSocketImpl.java:588)
	at java.base/java.net.SocksSocketImpl.connect(SocksSocketImpl.java:327)
	at java.base/java.net.Socket.connect(Socket.java:633)
	at org.apache.http.conn.socket.PlainConnectionSocketFactory.connectSocket(PlainConnectionSocketFactory.java:75)
	at org.apache.http.impl.conn.DefaultHttpClientConnectionOperator.connect(DefaultHttpClientConnectionOperator.java:142)
	... 53 more

09-05-2024 17:16:15.0071|INFO |Completed shut down of DiscoveryClient
