23-05-2024 10:40:20.0609|INFO |The Class-Path manifest attribute in C:\Users\Ih3b\.m2\repository\org\glassfish\ha\ha-api\3.1.9\ha-api-3.1.9.jar referenced one or more files that do not exist: file:/C:/Users/Ih3b/.m2/repository/org/glassfish/ha/ha-api/3.1.9/hk2-core.jar,file:/C:/Users/Ih3b/.m2/repository/org/glassfish/ha/ha-api/3.1.9/class-model.jar,file:/C:/Users/Ih3b/.m2/repository/org/glassfish/ha/ha-api/3.1.9/config.jar,file:/C:/Users/Ih3b/.m2/repository/org/glassfish/ha/ha-api/3.1.9/auto-depends.jar,file:/C:/Users/Ih3b/.m2/repository/org/glassfish/ha/ha-api/3.1.9/javax.inject.jar,file:/C:/Users/Ih3b/.m2/repository/org/glassfish/ha/ha-api/3.1.9/asm-all-repackaged.jar,file:/C:/Users/Ih3b/.m2/repository/org/glassfish/ha/ha-api/3.1.9/hk2-api.jar,file:/C:/Users/Ih3b/.m2/repository/org/glassfish/ha/ha-api/3.1.9/osgi-resource-locator.jar,file:/C:/Users/Ih3b/.m2/repository/org/glassfish/ha/ha-api/3.1.9/tiger-types.jar,file:/C:/Users/Ih3b/.m2/repository/org/glassfish/ha/ha-api/3.1.9/bean-validator.jar,file:/C:/Users/Ih3b/.m2/repository/org/glassfish/ha/ha-api/3.1.9/jtype.jar
23-05-2024 10:40:20.0620|INFO |Devtools property defaults active! Set 'spring.devtools.add-properties' to 'false' to disable
23-05-2024 10:40:20.0620|INFO |For additional web related logging consider setting the 'logging.level.web' property to 'DEBUG'
23-05-2024 10:40:24.0327|INFO |Bootstrapping Spring Data JPA repositories in DEFAULT mode.
23-05-2024 10:40:24.0827|INFO |Finished Spring Data repository scanning in 481 ms. Found 14 JPA repository interfaces.
23-05-2024 10:40:25.0568|INFO |BeanFactory id=d7d17f63-c4e5-33a5-8e2c-367bfa7fb85a
23-05-2024 10:40:27.0322|INFO |Tomcat initialized with port(s): 8060 (http)
23-05-2024 10:40:27.0348|INFO |Starting service [Tomcat]
23-05-2024 10:40:27.0348|INFO |Starting Servlet engine: [Apache Tomcat/9.0.65]
23-05-2024 10:40:27.0646|INFO |Initializing Spring embedded WebApplicationContext
23-05-2024 10:40:27.0646|INFO |Root WebApplicationContext: initialization completed in 7025 ms
23-05-2024 10:40:28.0527|INFO |HHH000204: Processing PersistenceUnitInfo [name: default]
23-05-2024 10:40:28.0668|INFO |HHH000412: Hibernate ORM core version 5.6.11.Final
23-05-2024 10:40:29.0403|INFO |HCANN000001: Hibernate Commons Annotations {5.1.2.Final}
23-05-2024 10:40:29.0780|INFO |HHH000400: Using dialect: org.hibernate.dialect.PostgreSQLDialect
23-05-2024 10:40:32.0334|INFO |HikariPool-1 - Starting...
23-05-2024 10:40:32.0624|INFO |HikariPool-1 - Start completed.
23-05-2024 10:40:32.0771|INFO |HHH000490: Using JtaPlatform implementation: [org.hibernate.engine.transaction.jta.platform.internal.NoJtaPlatform]
23-05-2024 10:40:32.0797|INFO |Initialized JPA EntityManagerFactory for persistence unit 'default'
23-05-2024 10:40:38.0195|INFO |Cannot determine local hostname
23-05-2024 10:40:40.0650|INFO |Cannot determine local hostname
23-05-2024 10:40:40.0656|INFO |Eureka HTTP Client uses RestTemplate.
23-05-2024 10:40:40.0851|INFO |Exposing 1 endpoint(s) beneath base path '/actuator'
23-05-2024 10:40:40.0947|INFO |Setting initial instance status as: STARTING
23-05-2024 10:40:41.0140|INFO |Initializing Eureka in region us-east-1
23-05-2024 10:40:41.0175|INFO |Resolving eureka endpoints via configuration
23-05-2024 10:40:41.0259|INFO |Disable delta property : false
23-05-2024 10:40:41.0260|INFO |Single vip registry refresh property : null
23-05-2024 10:40:41.0260|INFO |Force full registry fetch : false
23-05-2024 10:40:41.0260|INFO |Application is null : false
23-05-2024 10:40:41.0261|INFO |Registered Applications size is zero : true
23-05-2024 10:40:41.0261|INFO |Application version is -1: true
23-05-2024 10:40:41.0261|INFO |Getting all instance registry info from the eureka server
23-05-2024 10:40:41.0935|INFO |The response status is 200
23-05-2024 10:40:41.0940|INFO |Starting heartbeat executor: renew interval is: 30
23-05-2024 10:40:41.0944|INFO |InstanceInfoReplicator onDemand update allowed rate per min is 4
23-05-2024 10:40:41.0952|INFO |Discovery Client initialized at timestamp 1716457241951 with initial instances count: 1
23-05-2024 10:40:41.0955|INFO |Registering application ADMINISTRATION-SERVICE with eureka with status UP
23-05-2024 10:40:41.0956|INFO |Saw local status change event StatusChangeEvent [timestamp=1716457241956, current=UP, previous=STARTING]
23-05-2024 10:40:41.0960|INFO |DiscoveryClient_ADMINISTRATION-SERVICE/localhost:administration-service:8060: registering service...
23-05-2024 10:40:41.0991|INFO |Tomcat started on port(s): 8060 (http) with context path ''
23-05-2024 10:40:41.0992|INFO |Updating port to 8060
23-05-2024 10:40:42.0029|INFO |DiscoveryClient_ADMINISTRATION-SERVICE/localhost:administration-service:8060 - registration status: 204
23-05-2024 10:40:43.0168|INFO |Cannot determine local hostname
23-05-2024 10:40:43.0195|INFO |Starting Completed ...
23-05-2024 10:41:18.0040|INFO |Initializing Spring DispatcherServlet 'dispatcherServlet'
23-05-2024 10:41:18.0041|INFO |Initializing Servlet 'dispatcherServlet'
23-05-2024 10:41:18.0042|INFO |Completed initialization in 1 ms
23-05-2024 10:45:41.0278|INFO |Resolving eureka endpoints via configuration
23-05-2024 10:50:41.0285|INFO |Resolving eureka endpoints via configuration
23-05-2024 10:54:30.0209|INFO |Init duration for springdoc-openapi is: 497 ms
23-05-2024 10:55:41.0288|INFO |Resolving eureka endpoints via configuration
23-05-2024 11:00:41.0295|INFO |Resolving eureka endpoints via configuration
23-05-2024 11:05:41.0307|INFO |Resolving eureka endpoints via configuration
23-05-2024 11:10:41.0309|INFO |Resolving eureka endpoints via configuration
23-05-2024 11:15:41.0322|INFO |Resolving eureka endpoints via configuration
23-05-2024 11:20:41.0337|INFO |Resolving eureka endpoints via configuration
23-05-2024 11:25:41.0344|INFO |Resolving eureka endpoints via configuration
23-05-2024 11:30:41.0357|INFO |Resolving eureka endpoints via configuration
23-05-2024 11:35:41.0371|INFO |Resolving eureka endpoints via configuration
23-05-2024 11:40:41.0387|INFO |Resolving eureka endpoints via configuration
23-05-2024 11:45:41.0393|INFO |Resolving eureka endpoints via configuration
23-05-2024 11:50:41.0404|INFO |Resolving eureka endpoints via configuration
23-05-2024 11:55:41.0409|INFO |Resolving eureka endpoints via configuration
23-05-2024 12:00:41.0411|INFO |Resolving eureka endpoints via configuration
23-05-2024 12:05:41.0426|INFO |Resolving eureka endpoints via configuration
23-05-2024 12:10:41.0441|INFO |Resolving eureka endpoints via configuration
23-05-2024 12:15:41.0452|INFO |Resolving eureka endpoints via configuration
23-05-2024 12:20:41.0465|INFO |Resolving eureka endpoints via configuration
23-05-2024 12:25:41.0472|INFO |Resolving eureka endpoints via configuration
23-05-2024 12:30:41.0476|INFO |Resolving eureka endpoints via configuration
23-05-2024 12:35:41.0478|INFO |Resolving eureka endpoints via configuration
23-05-2024 12:40:41.0485|INFO |Resolving eureka endpoints via configuration
23-05-2024 12:45:41.0493|INFO |Resolving eureka endpoints via configuration
23-05-2024 12:50:41.0503|INFO |Resolving eureka endpoints via configuration
23-05-2024 12:55:41.0519|INFO |Resolving eureka endpoints via configuration
23-05-2024 13:00:41.0525|INFO |Resolving eureka endpoints via configuration
23-05-2024 13:05:41.0531|INFO |Resolving eureka endpoints via configuration
23-05-2024 13:10:41.0544|INFO |Resolving eureka endpoints via configuration
23-05-2024 13:15:41.0558|INFO |Resolving eureka endpoints via configuration
23-05-2024 13:20:41.0572|INFO |Resolving eureka endpoints via configuration
23-05-2024 13:25:41.0583|INFO |Resolving eureka endpoints via configuration
23-05-2024 13:30:41.0592|INFO |Resolving eureka endpoints via configuration
23-05-2024 13:35:41.0605|INFO |Resolving eureka endpoints via configuration
23-05-2024 13:40:41.0607|INFO |Resolving eureka endpoints via configuration
23-05-2024 13:45:41.0612|INFO |Resolving eureka endpoints via configuration
23-05-2024 13:50:41.0619|INFO |Resolving eureka endpoints via configuration
23-05-2024 13:55:41.0620|INFO |Resolving eureka endpoints via configuration
23-05-2024 14:00:41.0634|INFO |Resolving eureka endpoints via configuration
23-05-2024 14:05:41.0635|INFO |Resolving eureka endpoints via configuration
